00:00:24.822 [main] INFO  f.a.FinancialAnalyzerApplication - Starting FinancialAnalyzerApplication on samsung-ws with PID 10015 (/home/phil/Projects/FinanceAnalyzer/target/classes started by phil in /home/phil/Projects/FinanceAnalyzer)
00:00:24.826 [main] DEBUG f.a.FinancialAnalyzerApplication - Running with Spring Boot v2.1.6.RELEASE, Spring v5.1.8.RELEASE
00:00:24.827 [main] INFO  f.a.FinancialAnalyzerApplication - The following profiles are active: dev
00:00:25.226 [main] INFO  o.s.c.a.ConfigurationClassParser - Properties location [file:${app_home}/config/application-${spring.profiles.active}.properties] not resolvable: /home/phil/fa/config/application-dev.properties (No such file or directory)
00:00:25.236 [main] INFO  o.s.c.a.ConfigurationClassParser - Properties location [file:${app_home}/config/application-${spring.profiles.active}.properties] not resolvable: /home/phil/fa/config/application-dev.properties (No such file or directory)
00:00:26.499 [main] INFO  o.s.b.w.e.tomcat.TomcatWebServer - Tomcat initialized with port(s): 8080 (http)
00:00:26.524 [main] INFO  o.a.coyote.http11.Http11NioProtocol - Initializing ProtocolHandler ["http-nio-8080"]
00:00:26.552 [main] INFO  o.a.catalina.core.StandardService - Starting service [Tomcat]
00:00:26.553 [main] INFO  o.a.catalina.core.StandardEngine - Starting Servlet engine: [Apache Tomcat/9.0.21]
00:00:26.689 [main] INFO  o.a.c.c.C.[.[localhost].[/fabackend] - Initializing Spring embedded WebApplicationContext
00:00:26.691 [main] INFO  o.s.web.context.ContextLoader - Root WebApplicationContext: initialization completed in 1795 ms
00:00:26.760 [main] INFO  f.a.FinancialAnalyzerApplication - Initializing FinancialAnalyzer
00:00:26.760 [main] DEBUG f.a.FinancialAnalyzerApplication - /home/phil/fa/work/downloads/company
00:00:26.761 [main] INFO  f.a.FinancialAnalyzerApplication - Finished Initializing FinancialAnalyzer
00:00:27.739 [main] INFO  o.s.s.c.ThreadPoolTaskScheduler - Initializing ExecutorService 'taskScheduler'
00:00:27.873 [main] INFO  o.a.activemq.broker.BrokerService - Using Persistence Adapter: MemoryPersistenceAdapter
00:00:27.997 [JMX connector] WARN  o.a.a.broker.jmx.ManagementContext - Failed to start JMX connector Cannot bind to URL [rmi://localhost:1099/jmxrmi]: javax.naming.NameAlreadyBoundException: jmxrmi [Root exception is java.rmi.AlreadyBoundException: jmxrmi]. Will restart management to re-create JMX connector, trying to remedy this issue.
00:00:28.059 [main] INFO  o.a.activemq.broker.BrokerService - Apache ActiveMQ 5.15.9 (embedded, ID:samsung-ws-46777-1589169627897-0:1) is starting
00:00:28.065 [main] INFO  o.a.activemq.broker.BrokerService - Apache ActiveMQ 5.15.9 (embedded, ID:samsung-ws-46777-1589169627897-0:1) started
00:00:28.066 [main] INFO  o.a.activemq.broker.BrokerService - For help or more information please see: http://activemq.apache.org
00:00:28.095 [main] INFO  o.a.a.broker.TransportConnector - Connector vm://embedded started
00:00:28.166 [main] INFO  o.a.coyote.http11.Http11NioProtocol - Starting ProtocolHandler ["http-nio-8080"]
00:00:28.176 [main] ERROR o.apache.catalina.util.LifecycleBase - Failed to start component [Connector[HTTP/1.1-8080]]
org.apache.catalina.LifecycleException: Protocol handler start failed
	at org.apache.catalina.connector.Connector.startInternal(Connector.java:1008)
	at org.apache.catalina.util.LifecycleBase.start(LifecycleBase.java:183)
	at org.apache.catalina.core.StandardService.addConnector(StandardService.java:227)
	at org.springframework.boot.web.embedded.tomcat.TomcatWebServer.addPreviouslyRemovedConnectors(TomcatWebServer.java:263)
	at org.springframework.boot.web.embedded.tomcat.TomcatWebServer.start(TomcatWebServer.java:195)
	at org.springframework.boot.web.servlet.context.ServletWebServerApplicationContext.startWebServer(ServletWebServerApplicationContext.java:296)
	at org.springframework.boot.web.servlet.context.ServletWebServerApplicationContext.finishRefresh(ServletWebServerApplicationContext.java:162)
	at org.springframework.context.support.AbstractApplicationContext.refresh(AbstractApplicationContext.java:552)
	at org.springframework.boot.web.servlet.context.ServletWebServerApplicationContext.refresh(ServletWebServerApplicationContext.java:140)
	at org.springframework.boot.SpringApplication.refresh(SpringApplication.java:742)
	at org.springframework.boot.SpringApplication.refreshContext(SpringApplication.java:389)
	at org.springframework.boot.SpringApplication.run(SpringApplication.java:311)
	at financialanalyzer.application.FinancialAnalyzerApplication.main(FinancialAnalyzerApplication.java:46)
Caused by: java.net.BindException: Address already in use
	at java.base/sun.nio.ch.Net.bind0(Native Method)
	at java.base/sun.nio.ch.Net.bind(Net.java:455)
	at java.base/sun.nio.ch.Net.bind(Net.java:447)
	at java.base/sun.nio.ch.ServerSocketChannelImpl.bind(ServerSocketChannelImpl.java:227)
	at java.base/sun.nio.ch.ServerSocketAdaptor.bind(ServerSocketAdaptor.java:80)
	at org.apache.tomcat.util.net.NioEndpoint.initServerSocket(NioEndpoint.java:230)
	at org.apache.tomcat.util.net.NioEndpoint.bind(NioEndpoint.java:213)
	at org.apache.tomcat.util.net.AbstractEndpoint.bindWithCleanup(AbstractEndpoint.java:1124)
	at org.apache.tomcat.util.net.AbstractEndpoint.start(AbstractEndpoint.java:1210)
	at org.apache.coyote.AbstractProtocol.start(AbstractProtocol.java:585)
	at org.apache.catalina.connector.Connector.startInternal(Connector.java:1005)
	... 12 common frames omitted
00:00:28.190 [main] INFO  o.a.coyote.http11.Http11NioProtocol - Pausing ProtocolHandler ["http-nio-8080"]
00:00:28.191 [main] INFO  o.a.catalina.core.StandardService - Stopping service [Tomcat]
00:00:28.202 [main] INFO  o.apache.catalina.util.LifecycleBase - The stop() method was called on component [StandardServer[-1]] after stop() had already been called. The second call will be ignored.
00:00:28.204 [main] INFO  o.a.coyote.http11.Http11NioProtocol - Stopping ProtocolHandler ["http-nio-8080"]
00:00:28.205 [main] INFO  o.a.coyote.http11.Http11NioProtocol - Destroying ProtocolHandler ["http-nio-8080"]
00:00:28.217 [main] INFO  o.s.b.a.l.ConditionEvaluationReportLoggingListener - 

Error starting ApplicationContext. To display the conditions report re-run your application with 'debug' enabled.
00:00:28.219 [main] ERROR o.s.b.d.LoggingFailureAnalysisReporter - 

***************************
APPLICATION FAILED TO START
***************************

Description:

The Tomcat connector configured to listen on port 8080 failed to start. The port may already be in use or the connector may be misconfigured.

Action:

Verify the connector's configuration, identify and stop any process that's listening on port 8080, or configure this application to listen on another port.

00:00:29.255 [main] INFO  o.s.s.c.ThreadPoolTaskScheduler - Shutting down ExecutorService 'taskScheduler'
00:00:29.275 [main] INFO  o.a.a.broker.TransportConnector - Connector vm://embedded stopped
00:00:29.277 [main] INFO  o.a.activemq.broker.BrokerService - Apache ActiveMQ 5.15.9 (embedded, ID:samsung-ws-46777-1589169627897-0:1) is shutting down
00:00:29.286 [main] INFO  o.a.activemq.broker.BrokerService - Apache ActiveMQ 5.15.9 (embedded, ID:samsung-ws-46777-1589169627897-0:1) uptime 1.458 seconds
00:00:29.286 [main] INFO  o.a.activemq.broker.BrokerService - Apache ActiveMQ 5.15.9 (embedded, ID:samsung-ws-46777-1589169627897-0:1) is shutdown
00:01:12.565 [main] INFO  f.a.FinancialAnalyzerApplication - Starting FinancialAnalyzerApplication on samsung-ws with PID 10147 (/home/phil/Projects/FinanceAnalyzer/target/classes started by phil in /home/phil/Projects/FinanceAnalyzer)
00:01:12.569 [main] DEBUG f.a.FinancialAnalyzerApplication - Running with Spring Boot v2.1.6.RELEASE, Spring v5.1.8.RELEASE
00:01:12.578 [main] INFO  f.a.FinancialAnalyzerApplication - The following profiles are active: dev
00:01:12.970 [main] INFO  o.s.c.a.ConfigurationClassParser - Properties location [file:${app_home}/config/application-${spring.profiles.active}.properties] not resolvable: /home/phil/fa/config/application-dev.properties (No such file or directory)
00:01:13.000 [main] INFO  o.s.c.a.ConfigurationClassParser - Properties location [file:${app_home}/config/application-${spring.profiles.active}.properties] not resolvable: /home/phil/fa/config/application-dev.properties (No such file or directory)
00:01:14.619 [main] INFO  o.s.b.w.e.tomcat.TomcatWebServer - Tomcat initialized with port(s): 8080 (http)
00:01:14.648 [main] INFO  o.a.coyote.http11.Http11NioProtocol - Initializing ProtocolHandler ["http-nio-8080"]
00:01:14.682 [main] INFO  o.a.catalina.core.StandardService - Starting service [Tomcat]
00:01:14.682 [main] INFO  o.a.catalina.core.StandardEngine - Starting Servlet engine: [Apache Tomcat/9.0.21]
00:01:14.860 [main] INFO  o.a.c.c.C.[.[localhost].[/fabackend] - Initializing Spring embedded WebApplicationContext
00:01:14.861 [main] INFO  o.s.web.context.ContextLoader - Root WebApplicationContext: initialization completed in 2209 ms
00:01:14.977 [main] INFO  f.a.FinancialAnalyzerApplication - Initializing FinancialAnalyzer
00:01:14.978 [main] DEBUG f.a.FinancialAnalyzerApplication - /home/phil/fa/work/downloads/company
00:01:14.980 [main] INFO  f.a.FinancialAnalyzerApplication - Finished Initializing FinancialAnalyzer
00:01:16.341 [main] INFO  o.s.s.c.ThreadPoolTaskScheduler - Initializing ExecutorService 'taskScheduler'
00:01:16.534 [main] INFO  o.a.activemq.broker.BrokerService - Using Persistence Adapter: MemoryPersistenceAdapter
00:01:16.659 [JMX connector] INFO  o.a.a.broker.jmx.ManagementContext - JMX consoles can connect to service:jmx:rmi:///jndi/rmi://localhost:1099/jmxrmi
00:01:16.731 [main] INFO  o.a.activemq.broker.BrokerService - Apache ActiveMQ 5.15.9 (embedded, ID:samsung-ws-37813-1589169676595-0:1) is starting
00:01:16.737 [main] INFO  o.a.activemq.broker.BrokerService - Apache ActiveMQ 5.15.9 (embedded, ID:samsung-ws-37813-1589169676595-0:1) started
00:01:16.738 [main] INFO  o.a.activemq.broker.BrokerService - For help or more information please see: http://activemq.apache.org
00:01:16.771 [main] INFO  o.a.a.broker.TransportConnector - Connector vm://embedded started
00:01:16.893 [main] INFO  o.a.coyote.http11.Http11NioProtocol - Starting ProtocolHandler ["http-nio-8080"]
00:01:16.929 [main] INFO  o.s.b.w.e.tomcat.TomcatWebServer - Tomcat started on port(s): 8080 (http) with context path '/fabackend'
00:01:16.942 [main] INFO  f.a.FinancialAnalyzerApplication - Started FinancialAnalyzerApplication in 5.344 seconds (JVM running for 5.738)
00:05:52.751 [ActiveMQ ShutdownHook] INFO  o.a.activemq.broker.BrokerService - Apache ActiveMQ 5.15.9 (embedded, ID:samsung-ws-37813-1589169676595-0:1) is shutting down
00:05:52.774 [ActiveMQ Connection Executor: vm://embedded#0] INFO  o.s.j.c.CachingConnectionFactory - Encountered a JMSException - resetting the underlying JMS Connection
javax.jms.JMSException: peer (vm://embedded#1) stopped.
	at org.apache.activemq.util.JMSExceptionSupport.create(JMSExceptionSupport.java:54)
	at org.apache.activemq.ActiveMQConnection.onAsyncException(ActiveMQConnection.java:1960)
	at org.apache.activemq.ActiveMQConnection.onException(ActiveMQConnection.java:1979)
	at org.apache.activemq.transport.TransportFilter.onException(TransportFilter.java:114)
	at org.apache.activemq.transport.ResponseCorrelator.onException(ResponseCorrelator.java:126)
	at org.apache.activemq.transport.TransportFilter.onException(TransportFilter.java:114)
	at org.apache.activemq.transport.vm.VMTransport.stop(VMTransport.java:233)
	at org.apache.activemq.transport.TransportFilter.stop(TransportFilter.java:72)
	at org.apache.activemq.transport.TransportFilter.stop(TransportFilter.java:72)
	at org.apache.activemq.transport.ResponseCorrelator.stop(ResponseCorrelator.java:132)
	at org.apache.activemq.broker.TransportConnection.doStop(TransportConnection.java:1194)
	at org.apache.activemq.broker.TransportConnection$4.run(TransportConnection.java:1160)
	at java.base/java.util.concurrent.ThreadPoolExecutor.runWorker(ThreadPoolExecutor.java:1128)
	at java.base/java.util.concurrent.ThreadPoolExecutor$Worker.run(ThreadPoolExecutor.java:628)
	at java.base/java.lang.Thread.run(Thread.java:834)
Caused by: org.apache.activemq.transport.TransportDisposedIOException: peer (vm://embedded#1) stopped.
	... 9 common frames omitted
00:05:52.782 [Thread-4] INFO  o.s.s.c.ThreadPoolTaskScheduler - Shutting down ExecutorService 'taskScheduler'
00:05:52.789 [ActiveMQ ShutdownHook] INFO  o.a.a.broker.TransportConnector - Connector vm://embedded stopped
00:05:52.818 [ActiveMQ ShutdownHook] INFO  o.a.activemq.broker.BrokerService - Apache ActiveMQ 5.15.9 (embedded, ID:samsung-ws-37813-1589169676595-0:1) uptime 4 minutes
00:05:52.818 [ActiveMQ ShutdownHook] INFO  o.a.activemq.broker.BrokerService - Apache ActiveMQ 5.15.9 (embedded, ID:samsung-ws-37813-1589169676595-0:1) is shutdown
00:06:05.320 [main] INFO  f.a.FinancialAnalyzerApplication - Starting FinancialAnalyzerApplication on samsung-ws with PID 10397 (/home/phil/Projects/FinanceAnalyzer/target/classes started by phil in /home/phil/Projects/FinanceAnalyzer)
00:06:05.331 [main] DEBUG f.a.FinancialAnalyzerApplication - Running with Spring Boot v2.1.6.RELEASE, Spring v5.1.8.RELEASE
00:06:05.332 [main] INFO  f.a.FinancialAnalyzerApplication - The following profiles are active: dev
00:06:05.877 [main] INFO  o.s.c.a.ConfigurationClassParser - Properties location [file:${app_home}/config/application-${spring.profiles.active}.properties] not resolvable: /home/phil/fa/config/application-dev.properties (No such file or directory)
00:06:05.885 [main] INFO  o.s.c.a.ConfigurationClassParser - Properties location [file:${app_home}/config/application-${spring.profiles.active}.properties] not resolvable: /home/phil/fa/config/application-dev.properties (No such file or directory)
00:06:07.647 [main] INFO  o.s.b.w.e.tomcat.TomcatWebServer - Tomcat initialized with port(s): 8080 (http)
00:06:07.675 [main] INFO  o.a.coyote.http11.Http11NioProtocol - Initializing ProtocolHandler ["http-nio-8080"]
00:06:07.706 [main] INFO  o.a.catalina.core.StandardService - Starting service [Tomcat]
00:06:07.707 [main] INFO  o.a.catalina.core.StandardEngine - Starting Servlet engine: [Apache Tomcat/9.0.21]
00:06:07.861 [main] INFO  o.a.c.c.C.[.[localhost].[/fabackend] - Initializing Spring embedded WebApplicationContext
00:06:07.862 [main] INFO  o.s.web.context.ContextLoader - Root WebApplicationContext: initialization completed in 2396 ms
00:06:07.988 [main] INFO  f.a.FinancialAnalyzerApplication - Initializing FinancialAnalyzer
00:06:07.991 [main] DEBUG f.a.FinancialAnalyzerApplication - /home/phil/fa/work/downloads/company
00:06:07.992 [main] INFO  f.a.FinancialAnalyzerApplication - Finished Initializing FinancialAnalyzer
00:06:09.238 [main] INFO  o.s.s.c.ThreadPoolTaskScheduler - Initializing ExecutorService 'taskScheduler'
00:06:09.416 [main] INFO  o.a.activemq.broker.BrokerService - Using Persistence Adapter: MemoryPersistenceAdapter
00:06:09.509 [JMX connector] INFO  o.a.a.broker.jmx.ManagementContext - JMX consoles can connect to service:jmx:rmi:///jndi/rmi://localhost:1099/jmxrmi
00:06:09.587 [main] INFO  o.a.activemq.broker.BrokerService - Apache ActiveMQ 5.15.9 (embedded, ID:samsung-ws-39719-1589169969447-0:1) is starting
00:06:09.593 [main] INFO  o.a.activemq.broker.BrokerService - Apache ActiveMQ 5.15.9 (embedded, ID:samsung-ws-39719-1589169969447-0:1) started
00:06:09.594 [main] INFO  o.a.activemq.broker.BrokerService - For help or more information please see: http://activemq.apache.org
00:06:09.630 [main] INFO  o.a.a.broker.TransportConnector - Connector vm://embedded started
00:06:09.797 [main] INFO  o.a.coyote.http11.Http11NioProtocol - Starting ProtocolHandler ["http-nio-8080"]
00:06:09.842 [main] INFO  o.s.b.w.e.tomcat.TomcatWebServer - Tomcat started on port(s): 8080 (http) with context path '/fabackend'
00:06:09.855 [main] INFO  f.a.FinancialAnalyzerApplication - Started FinancialAnalyzerApplication in 5.912 seconds (JVM running for 6.403)
00:06:37.674 [http-nio-8080-exec-1] INFO  o.a.c.c.C.[.[localhost].[/fabackend] - Initializing Spring DispatcherServlet 'dispatcherServlet'
00:06:37.675 [http-nio-8080-exec-1] INFO  o.s.web.servlet.DispatcherServlet - Initializing Servlet 'dispatcherServlet'
00:06:37.692 [http-nio-8080-exec-1] INFO  o.s.web.servlet.DispatcherServlet - Completed initialization in 17 ms
00:06:37.717 [http-nio-8080-exec-1] INFO  f.companynames.CompanySearchRepo - Beginning searchForCompany
00:06:38.126 [http-nio-8080-exec-1] INFO  f.companynames.CompanySearchRepo - Completed searchForCompany
00:06:38.127 [http-nio-8080-exec-1] INFO  f.companynews.CompanyNewsSearchRepo - Beginning Search
00:06:38.733 [http-nio-8080-exec-1] INFO  f.companynews.CompanyNewsSearchRepo - Returning frm search
