23:19:42.378 [main] INFO  f.a.FinancialAnalyzerApplication - Starting FinancialAnalyzerApplication on samsung-ws with PID 8026 (/home/phil/Projects/FinanceAnalyzer/target/classes started by phil in /home/phil/Projects/FinanceAnalyzer)
23:19:42.383 [main] DEBUG f.a.FinancialAnalyzerApplication - Running with Spring Boot v2.1.6.RELEASE, Spring v5.1.8.RELEASE
23:19:42.385 [main] INFO  f.a.FinancialAnalyzerApplication - The following profiles are active: dev
23:19:42.770 [main] INFO  o.s.c.a.ConfigurationClassParser - Properties location [file:${app_home}/config/application-${spring.profiles.active}.properties] not resolvable: /home/phil/fa/config/application-dev.properties (No such file or directory)
23:19:42.774 [main] INFO  o.s.c.a.ConfigurationClassParser - Properties location [file:${app_home}/config/application-${spring.profiles.active}.properties] not resolvable: /home/phil/fa/config/application-dev.properties (No such file or directory)
23:19:44.236 [main] INFO  o.s.b.w.e.tomcat.TomcatWebServer - Tomcat initialized with port(s): 8080 (http)
23:19:44.267 [main] INFO  o.a.coyote.http11.Http11NioProtocol - Initializing ProtocolHandler ["http-nio-8080"]
23:19:44.293 [main] INFO  o.a.catalina.core.StandardService - Starting service [Tomcat]
23:19:44.294 [main] INFO  o.a.catalina.core.StandardEngine - Starting Servlet engine: [Apache Tomcat/9.0.21]
23:19:44.422 [main] INFO  o.a.c.c.C.[.[localhost].[/fabackend] - Initializing Spring embedded WebApplicationContext
23:19:44.422 [main] INFO  o.s.web.context.ContextLoader - Root WebApplicationContext: initialization completed in 1924 ms
23:19:44.490 [main] INFO  f.a.FinancialAnalyzerApplication - Initializing FinancialAnalyzer
23:19:44.491 [main] DEBUG f.a.FinancialAnalyzerApplication - /home/phil/fa/work/downloads/company
23:19:44.496 [main] INFO  f.a.FinancialAnalyzerApplication - Finished Initializing FinancialAnalyzer
23:19:45.496 [main] INFO  o.s.s.c.ThreadPoolTaskScheduler - Initializing ExecutorService 'taskScheduler'
23:19:45.643 [main] INFO  o.a.activemq.broker.BrokerService - Using Persistence Adapter: MemoryPersistenceAdapter
23:19:45.712 [JMX connector] INFO  o.a.a.broker.jmx.ManagementContext - JMX consoles can connect to service:jmx:rmi:///jndi/rmi://localhost:1099/jmxrmi
23:19:45.796 [main] INFO  o.a.activemq.broker.BrokerService - Apache ActiveMQ 5.15.9 (embedded, ID:samsung-ws-36855-1589167185666-0:1) is starting
23:19:45.803 [main] INFO  o.a.activemq.broker.BrokerService - Apache ActiveMQ 5.15.9 (embedded, ID:samsung-ws-36855-1589167185666-0:1) started
23:19:45.803 [main] INFO  o.a.activemq.broker.BrokerService - For help or more information please see: http://activemq.apache.org
23:19:45.830 [main] INFO  o.a.a.broker.TransportConnector - Connector vm://embedded started
23:19:46.011 [main] INFO  o.a.coyote.http11.Http11NioProtocol - Starting ProtocolHandler ["http-nio-8080"]
23:19:46.101 [main] INFO  o.s.b.w.e.tomcat.TomcatWebServer - Tomcat started on port(s): 8080 (http) with context path '/fabackend'
23:19:46.113 [main] INFO  f.a.FinancialAnalyzerApplication - Started FinancialAnalyzerApplication in 4.935 seconds (JVM running for 5.513)
23:29:57.786 [ActiveMQ ShutdownHook] INFO  o.a.activemq.broker.BrokerService - Apache ActiveMQ 5.15.9 (embedded, ID:samsung-ws-36855-1589167185666-0:1) is shutting down
23:29:57.806 [ActiveMQ Connection Executor: vm://embedded#0] INFO  o.s.j.c.CachingConnectionFactory - Encountered a JMSException - resetting the underlying JMS Connection
javax.jms.JMSException: peer (vm://embedded#1) stopped.
	at org.apache.activemq.util.JMSExceptionSupport.create(JMSExceptionSupport.java:54)
	at org.apache.activemq.ActiveMQConnection.onAsyncException(ActiveMQConnection.java:1960)
	at org.apache.activemq.ActiveMQConnection.onException(ActiveMQConnection.java:1979)
	at org.apache.activemq.transport.TransportFilter.onException(TransportFilter.java:114)
	at org.apache.activemq.transport.ResponseCorrelator.onException(ResponseCorrelator.java:126)
	at org.apache.activemq.transport.TransportFilter.onException(TransportFilter.java:114)
	at org.apache.activemq.transport.vm.VMTransport.stop(VMTransport.java:233)
	at org.apache.activemq.transport.TransportFilter.stop(TransportFilter.java:72)
	at org.apache.activemq.transport.TransportFilter.stop(TransportFilter.java:72)
	at org.apache.activemq.transport.ResponseCorrelator.stop(ResponseCorrelator.java:132)
	at org.apache.activemq.broker.TransportConnection.doStop(TransportConnection.java:1194)
	at org.apache.activemq.broker.TransportConnection$4.run(TransportConnection.java:1160)
	at java.base/java.util.concurrent.ThreadPoolExecutor.runWorker(ThreadPoolExecutor.java:1128)
	at java.base/java.util.concurrent.ThreadPoolExecutor$Worker.run(ThreadPoolExecutor.java:628)
	at java.base/java.lang.Thread.run(Thread.java:834)
Caused by: org.apache.activemq.transport.TransportDisposedIOException: peer (vm://embedded#1) stopped.
	... 9 common frames omitted
23:29:57.808 [DefaultMessageListenerContainer-2] WARN  o.s.j.l.DefaultMessageListenerContainer - Setup of JMS message listener invoker failed for destination 'stock-history-download-queue' - trying to recover. Cause: The Session is closed
23:29:57.808 [DefaultMessageListenerContainer-4] WARN  o.s.j.l.DefaultMessageListenerContainer - Setup of JMS message listener invoker failed for destination 'system-activity-queue' - trying to recover. Cause: The Session is closed
23:29:57.808 [DefaultMessageListenerContainer-2] WARN  o.s.j.l.DefaultMessageListenerContainer - Setup of JMS message listener invoker failed for destination 'company-news-queue' - trying to recover. Cause: The Session is closed
23:29:57.822 [Thread-6] INFO  o.s.s.c.ThreadPoolTaskScheduler - Shutting down ExecutorService 'taskScheduler'
23:29:57.841 [ActiveMQ ShutdownHook] INFO  o.a.a.broker.TransportConnector - Connector vm://embedded stopped
23:29:57.857 [ActiveMQ ShutdownHook] INFO  o.a.activemq.broker.BrokerService - Apache ActiveMQ 5.15.9 (embedded, ID:samsung-ws-36855-1589167185666-0:1) uptime 10 minutes
23:29:57.858 [ActiveMQ ShutdownHook] INFO  o.a.activemq.broker.BrokerService - Apache ActiveMQ 5.15.9 (embedded, ID:samsung-ws-36855-1589167185666-0:1) is shutdown
