22:14:46.765 [main] INFO  f.a.FinancialAnalyzerApplication - Starting FinancialAnalyzerApplication on samsung-ws with PID 3432 (/home/phil/Projects/FinanceAnalyzer/target/classes started by phil in /home/phil/Projects/FinanceAnalyzer)
22:14:46.770 [main] DEBUG f.a.FinancialAnalyzerApplication - Running with Spring Boot v2.1.6.RELEASE, Spring v5.1.8.RELEASE
22:14:46.771 [main] INFO  f.a.FinancialAnalyzerApplication - The following profiles are active: dev
22:14:47.250 [main] INFO  o.s.c.a.ConfigurationClassParser - Properties location [classpath:application-${profile}.properties] not resolvable: Could not resolve placeholder 'profile' in value "classpath:application-${profile}.properties"
22:14:47.251 [main] INFO  o.s.c.a.ConfigurationClassParser - Properties location [file:${app_home}/config/application-${profile}.properties] not resolvable: Could not resolve placeholder 'profile' in value "file:${app_home}/config/application-${profile}.properties"
22:14:48.818 [main] INFO  o.s.b.w.e.tomcat.TomcatWebServer - Tomcat initialized with port(s): 8080 (http)
22:14:48.838 [main] INFO  o.a.coyote.http11.Http11NioProtocol - Initializing ProtocolHandler ["http-nio-8080"]
22:14:48.860 [main] INFO  o.a.catalina.core.StandardService - Starting service [Tomcat]
22:14:48.861 [main] INFO  o.a.catalina.core.StandardEngine - Starting Servlet engine: [Apache Tomcat/9.0.21]
22:14:49.060 [main] INFO  o.a.c.c.C.[.[localhost].[/fabackend] - Initializing Spring embedded WebApplicationContext
22:14:49.060 [main] INFO  o.s.web.context.ContextLoader - Root WebApplicationContext: initialization completed in 2212 ms
22:14:49.122 [main] INFO  f.a.FinancialAnalyzerApplication - Initializing FinancialAnalyzer
22:14:50.481 [main] INFO  o.s.s.c.ThreadPoolTaskScheduler - Initializing ExecutorService 'taskScheduler'
22:14:50.675 [main] INFO  o.a.activemq.broker.BrokerService - Using Persistence Adapter: MemoryPersistenceAdapter
22:14:50.790 [JMX connector] INFO  o.a.a.broker.jmx.ManagementContext - JMX consoles can connect to service:jmx:rmi:///jndi/rmi://localhost:1099/jmxrmi
22:14:50.844 [main] INFO  o.a.activemq.broker.BrokerService - Apache ActiveMQ 5.15.9 (embedded, ID:samsung-ws-41967-1589163290708-0:1) is starting
22:14:50.850 [main] INFO  o.a.activemq.broker.BrokerService - Apache ActiveMQ 5.15.9 (embedded, ID:samsung-ws-41967-1589163290708-0:1) started
22:14:50.851 [main] INFO  o.a.activemq.broker.BrokerService - For help or more information please see: http://activemq.apache.org
22:14:50.884 [main] INFO  o.a.a.broker.TransportConnector - Connector vm://embedded started
22:14:51.065 [main] INFO  o.a.coyote.http11.Http11NioProtocol - Starting ProtocolHandler ["http-nio-8080"]
22:14:51.178 [main] INFO  o.s.b.w.e.tomcat.TomcatWebServer - Tomcat started on port(s): 8080 (http) with context path '/fabackend'
22:14:51.185 [main] INFO  f.a.FinancialAnalyzerApplication - Started FinancialAnalyzerApplication in 5.307 seconds (JVM running for 5.738)
22:19:46.389 [main] INFO  f.a.FinancialAnalyzerApplication - Starting FinancialAnalyzerApplication on samsung-ws with PID 3880 (/home/phil/Projects/FinanceAnalyzer/target/classes started by phil in /home/phil/Projects/FinanceAnalyzer)
22:19:46.392 [main] DEBUG f.a.FinancialAnalyzerApplication - Running with Spring Boot v2.1.6.RELEASE, Spring v5.1.8.RELEASE
22:19:46.393 [main] INFO  f.a.FinancialAnalyzerApplication - The following profiles are active: dev
22:19:46.744 [main] INFO  o.s.c.a.ConfigurationClassParser - Properties location [file:${app_home}/config/application-${spring.profiles.active}.properties] not resolvable: /home/phil/fa/config/application-dev.properties (No such file or directory)
22:19:48.073 [main] INFO  o.s.b.w.e.tomcat.TomcatWebServer - Tomcat initialized with port(s): 8080 (http)
22:19:48.095 [main] INFO  o.a.coyote.http11.Http11NioProtocol - Initializing ProtocolHandler ["http-nio-8080"]
22:19:48.123 [main] INFO  o.a.catalina.core.StandardService - Starting service [Tomcat]
22:19:48.124 [main] INFO  o.a.catalina.core.StandardEngine - Starting Servlet engine: [Apache Tomcat/9.0.21]
22:19:48.274 [main] INFO  o.a.c.c.C.[.[localhost].[/fabackend] - Initializing Spring embedded WebApplicationContext
22:19:48.274 [main] INFO  o.s.web.context.ContextLoader - Root WebApplicationContext: initialization completed in 1816 ms
22:19:48.327 [main] INFO  f.a.FinancialAnalyzerApplication - Initializing FinancialAnalyzer
22:19:49.281 [main] INFO  o.s.s.c.ThreadPoolTaskScheduler - Initializing ExecutorService 'taskScheduler'
22:19:49.459 [main] INFO  o.a.activemq.broker.BrokerService - Using Persistence Adapter: MemoryPersistenceAdapter
22:19:49.538 [JMX connector] WARN  o.a.a.broker.jmx.ManagementContext - Failed to start JMX connector Cannot bind to URL [rmi://localhost:1099/jmxrmi]: javax.naming.NameAlreadyBoundException: jmxrmi [Root exception is java.rmi.AlreadyBoundException: jmxrmi]. Will restart management to re-create JMX connector, trying to remedy this issue.
22:19:49.606 [main] INFO  o.a.activemq.broker.BrokerService - Apache ActiveMQ 5.15.9 (embedded, ID:samsung-ws-36777-1589163589480-0:1) is starting
22:19:49.611 [main] INFO  o.a.activemq.broker.BrokerService - Apache ActiveMQ 5.15.9 (embedded, ID:samsung-ws-36777-1589163589480-0:1) started
22:19:49.612 [main] INFO  o.a.activemq.broker.BrokerService - For help or more information please see: http://activemq.apache.org
22:19:49.635 [main] INFO  o.a.a.broker.TransportConnector - Connector vm://embedded started
22:19:49.733 [main] INFO  o.a.coyote.http11.Http11NioProtocol - Starting ProtocolHandler ["http-nio-8080"]
22:19:49.739 [main] ERROR o.apache.catalina.util.LifecycleBase - Failed to start component [Connector[HTTP/1.1-8080]]
org.apache.catalina.LifecycleException: Protocol handler start failed
	at org.apache.catalina.connector.Connector.startInternal(Connector.java:1008)
	at org.apache.catalina.util.LifecycleBase.start(LifecycleBase.java:183)
	at org.apache.catalina.core.StandardService.addConnector(StandardService.java:227)
	at org.springframework.boot.web.embedded.tomcat.TomcatWebServer.addPreviouslyRemovedConnectors(TomcatWebServer.java:263)
	at org.springframework.boot.web.embedded.tomcat.TomcatWebServer.start(TomcatWebServer.java:195)
	at org.springframework.boot.web.servlet.context.ServletWebServerApplicationContext.startWebServer(ServletWebServerApplicationContext.java:296)
	at org.springframework.boot.web.servlet.context.ServletWebServerApplicationContext.finishRefresh(ServletWebServerApplicationContext.java:162)
	at org.springframework.context.support.AbstractApplicationContext.refresh(AbstractApplicationContext.java:552)
	at org.springframework.boot.web.servlet.context.ServletWebServerApplicationContext.refresh(ServletWebServerApplicationContext.java:140)
	at org.springframework.boot.SpringApplication.refresh(SpringApplication.java:742)
	at org.springframework.boot.SpringApplication.refreshContext(SpringApplication.java:389)
	at org.springframework.boot.SpringApplication.run(SpringApplication.java:311)
	at financialanalyzer.application.FinancialAnalyzerApplication.main(FinancialAnalyzerApplication.java:37)
Caused by: java.net.BindException: Address already in use
	at java.base/sun.nio.ch.Net.bind0(Native Method)
	at java.base/sun.nio.ch.Net.bind(Net.java:455)
	at java.base/sun.nio.ch.Net.bind(Net.java:447)
	at java.base/sun.nio.ch.ServerSocketChannelImpl.bind(ServerSocketChannelImpl.java:227)
	at java.base/sun.nio.ch.ServerSocketAdaptor.bind(ServerSocketAdaptor.java:80)
	at org.apache.tomcat.util.net.NioEndpoint.initServerSocket(NioEndpoint.java:230)
	at org.apache.tomcat.util.net.NioEndpoint.bind(NioEndpoint.java:213)
	at org.apache.tomcat.util.net.AbstractEndpoint.bindWithCleanup(AbstractEndpoint.java:1124)
	at org.apache.tomcat.util.net.AbstractEndpoint.start(AbstractEndpoint.java:1210)
	at org.apache.coyote.AbstractProtocol.start(AbstractProtocol.java:585)
	at org.apache.catalina.connector.Connector.startInternal(Connector.java:1005)
	... 12 common frames omitted
22:19:49.755 [main] INFO  o.a.coyote.http11.Http11NioProtocol - Pausing ProtocolHandler ["http-nio-8080"]
22:19:49.756 [main] INFO  o.a.catalina.core.StandardService - Stopping service [Tomcat]
22:19:49.783 [main] INFO  o.apache.catalina.util.LifecycleBase - The stop() method was called on component [StandardServer[-1]] after stop() had already been called. The second call will be ignored.
22:19:49.784 [main] INFO  o.a.coyote.http11.Http11NioProtocol - Stopping ProtocolHandler ["http-nio-8080"]
22:19:49.784 [main] INFO  o.a.coyote.http11.Http11NioProtocol - Destroying ProtocolHandler ["http-nio-8080"]
22:19:49.788 [main] INFO  o.s.b.a.l.ConditionEvaluationReportLoggingListener - 

Error starting ApplicationContext. To display the conditions report re-run your application with 'debug' enabled.
22:19:49.796 [main] ERROR o.s.b.d.LoggingFailureAnalysisReporter - 

***************************
APPLICATION FAILED TO START
***************************

Description:

The Tomcat connector configured to listen on port 8080 failed to start. The port may already be in use or the connector may be misconfigured.

Action:

Verify the connector's configuration, identify and stop any process that's listening on port 8080, or configure this application to listen on another port.

22:19:50.821 [main] INFO  o.s.s.c.ThreadPoolTaskScheduler - Shutting down ExecutorService 'taskScheduler'
22:19:50.846 [main] INFO  o.a.a.broker.TransportConnector - Connector vm://embedded stopped
22:19:50.847 [main] INFO  o.a.activemq.broker.BrokerService - Apache ActiveMQ 5.15.9 (embedded, ID:samsung-ws-36777-1589163589480-0:1) is shutting down
22:19:50.857 [main] INFO  o.a.activemq.broker.BrokerService - Apache ActiveMQ 5.15.9 (embedded, ID:samsung-ws-36777-1589163589480-0:1) uptime 1.438 seconds
22:19:50.858 [main] INFO  o.a.activemq.broker.BrokerService - Apache ActiveMQ 5.15.9 (embedded, ID:samsung-ws-36777-1589163589480-0:1) is shutdown
22:20:18.755 [ActiveMQ ShutdownHook] INFO  o.a.activemq.broker.BrokerService - Apache ActiveMQ 5.15.9 (embedded, ID:samsung-ws-41967-1589163290708-0:1) is shutting down
22:20:18.774 [ActiveMQ Connection Executor: vm://embedded#0] INFO  o.s.j.c.CachingConnectionFactory - Encountered a JMSException - resetting the underlying JMS Connection
javax.jms.JMSException: peer (vm://embedded#1) stopped.
	at org.apache.activemq.util.JMSExceptionSupport.create(JMSExceptionSupport.java:54)
	at org.apache.activemq.ActiveMQConnection.onAsyncException(ActiveMQConnection.java:1960)
	at org.apache.activemq.ActiveMQConnection.onException(ActiveMQConnection.java:1979)
	at org.apache.activemq.transport.TransportFilter.onException(TransportFilter.java:114)
	at org.apache.activemq.transport.ResponseCorrelator.onException(ResponseCorrelator.java:126)
	at org.apache.activemq.transport.TransportFilter.onException(TransportFilter.java:114)
	at org.apache.activemq.transport.vm.VMTransport.stop(VMTransport.java:233)
	at org.apache.activemq.transport.TransportFilter.stop(TransportFilter.java:72)
	at org.apache.activemq.transport.TransportFilter.stop(TransportFilter.java:72)
	at org.apache.activemq.transport.ResponseCorrelator.stop(ResponseCorrelator.java:132)
	at org.apache.activemq.broker.TransportConnection.doStop(TransportConnection.java:1194)
	at org.apache.activemq.broker.TransportConnection$4.run(TransportConnection.java:1160)
	at java.base/java.util.concurrent.ThreadPoolExecutor.runWorker(ThreadPoolExecutor.java:1128)
	at java.base/java.util.concurrent.ThreadPoolExecutor$Worker.run(ThreadPoolExecutor.java:628)
	at java.base/java.lang.Thread.run(Thread.java:834)
Caused by: org.apache.activemq.transport.TransportDisposedIOException: peer (vm://embedded#1) stopped.
	... 9 common frames omitted
22:20:18.793 [Thread-6] INFO  o.s.s.c.ThreadPoolTaskScheduler - Shutting down ExecutorService 'taskScheduler'
22:20:18.800 [ActiveMQ ShutdownHook] INFO  o.a.a.broker.TransportConnector - Connector vm://embedded stopped
22:20:18.829 [ActiveMQ ShutdownHook] INFO  o.a.activemq.broker.BrokerService - Apache ActiveMQ 5.15.9 (embedded, ID:samsung-ws-41967-1589163290708-0:1) uptime 5 minutes
22:20:18.830 [ActiveMQ ShutdownHook] INFO  o.a.activemq.broker.BrokerService - Apache ActiveMQ 5.15.9 (embedded, ID:samsung-ws-41967-1589163290708-0:1) is shutdown
22:20:35.621 [main] INFO  f.a.FinancialAnalyzerApplication - Starting FinancialAnalyzerApplication on samsung-ws with PID 4023 (/home/phil/Projects/FinanceAnalyzer/target/classes started by phil in /home/phil/Projects/FinanceAnalyzer)
22:20:35.625 [main] DEBUG f.a.FinancialAnalyzerApplication - Running with Spring Boot v2.1.6.RELEASE, Spring v5.1.8.RELEASE
22:20:35.626 [main] INFO  f.a.FinancialAnalyzerApplication - The following profiles are active: dev
22:20:36.172 [main] INFO  o.s.c.a.ConfigurationClassParser - Properties location [file:${app_home}/config/application-${spring.profiles.active}.properties] not resolvable: /home/phil/fa/config/application-dev.properties (No such file or directory)
22:20:38.080 [main] INFO  o.s.b.w.e.tomcat.TomcatWebServer - Tomcat initialized with port(s): 8080 (http)
22:20:38.110 [main] INFO  o.a.coyote.http11.Http11NioProtocol - Initializing ProtocolHandler ["http-nio-8080"]
22:20:38.140 [main] INFO  o.a.catalina.core.StandardService - Starting service [Tomcat]
22:20:38.141 [main] INFO  o.a.catalina.core.StandardEngine - Starting Servlet engine: [Apache Tomcat/9.0.21]
22:20:38.286 [main] INFO  o.a.c.c.C.[.[localhost].[/fabackend] - Initializing Spring embedded WebApplicationContext
22:20:38.287 [main] INFO  o.s.web.context.ContextLoader - Root WebApplicationContext: initialization completed in 2536 ms
22:20:38.344 [main] INFO  f.a.FinancialAnalyzerApplication - Initializing FinancialAnalyzer
22:20:39.529 [main] INFO  o.s.s.c.ThreadPoolTaskScheduler - Initializing ExecutorService 'taskScheduler'
22:20:39.708 [main] INFO  o.a.activemq.broker.BrokerService - Using Persistence Adapter: MemoryPersistenceAdapter
22:20:39.810 [JMX connector] INFO  o.a.a.broker.jmx.ManagementContext - JMX consoles can connect to service:jmx:rmi:///jndi/rmi://localhost:1099/jmxrmi
22:20:39.888 [main] INFO  o.a.activemq.broker.BrokerService - Apache ActiveMQ 5.15.9 (embedded, ID:samsung-ws-46829-1589163639750-0:1) is starting
22:20:39.896 [main] INFO  o.a.activemq.broker.BrokerService - Apache ActiveMQ 5.15.9 (embedded, ID:samsung-ws-46829-1589163639750-0:1) started
22:20:39.896 [main] INFO  o.a.activemq.broker.BrokerService - For help or more information please see: http://activemq.apache.org
22:20:39.951 [main] INFO  o.a.a.broker.TransportConnector - Connector vm://embedded started
22:20:40.125 [main] INFO  o.a.coyote.http11.Http11NioProtocol - Starting ProtocolHandler ["http-nio-8080"]
22:20:40.157 [main] INFO  o.s.b.w.e.tomcat.TomcatWebServer - Tomcat started on port(s): 8080 (http) with context path '/fabackend'
22:20:40.164 [main] INFO  f.a.FinancialAnalyzerApplication - Started FinancialAnalyzerApplication in 5.425 seconds (JVM running for 5.778)
22:21:53.770 [ActiveMQ ShutdownHook] INFO  o.a.activemq.broker.BrokerService - Apache ActiveMQ 5.15.9 (embedded, ID:samsung-ws-46829-1589163639750-0:1) is shutting down
22:21:53.785 [ActiveMQ Connection Executor: vm://embedded#0] INFO  o.s.j.c.CachingConnectionFactory - Encountered a JMSException - resetting the underlying JMS Connection
javax.jms.JMSException: peer (vm://embedded#1) stopped.
	at org.apache.activemq.util.JMSExceptionSupport.create(JMSExceptionSupport.java:54)
	at org.apache.activemq.ActiveMQConnection.onAsyncException(ActiveMQConnection.java:1960)
	at org.apache.activemq.ActiveMQConnection.onException(ActiveMQConnection.java:1979)
	at org.apache.activemq.transport.TransportFilter.onException(TransportFilter.java:114)
	at org.apache.activemq.transport.ResponseCorrelator.onException(ResponseCorrelator.java:126)
	at org.apache.activemq.transport.TransportFilter.onException(TransportFilter.java:114)
	at org.apache.activemq.transport.vm.VMTransport.stop(VMTransport.java:233)
	at org.apache.activemq.transport.TransportFilter.stop(TransportFilter.java:72)
	at org.apache.activemq.transport.TransportFilter.stop(TransportFilter.java:72)
	at org.apache.activemq.transport.ResponseCorrelator.stop(ResponseCorrelator.java:132)
	at org.apache.activemq.broker.TransportConnection.doStop(TransportConnection.java:1194)
	at org.apache.activemq.broker.TransportConnection$4.run(TransportConnection.java:1160)
	at java.base/java.util.concurrent.ThreadPoolExecutor.runWorker(ThreadPoolExecutor.java:1128)
	at java.base/java.util.concurrent.ThreadPoolExecutor$Worker.run(ThreadPoolExecutor.java:628)
	at java.base/java.lang.Thread.run(Thread.java:834)
Caused by: org.apache.activemq.transport.TransportDisposedIOException: peer (vm://embedded#1) stopped.
	... 9 common frames omitted
22:21:53.794 [Thread-4] INFO  o.s.s.c.ThreadPoolTaskScheduler - Shutting down ExecutorService 'taskScheduler'
22:21:53.805 [ActiveMQ ShutdownHook] INFO  o.a.a.broker.TransportConnector - Connector vm://embedded stopped
22:21:53.817 [ActiveMQ ShutdownHook] INFO  o.a.activemq.broker.BrokerService - Apache ActiveMQ 5.15.9 (embedded, ID:samsung-ws-46829-1589163639750-0:1) uptime 1 minute
22:21:53.818 [ActiveMQ ShutdownHook] INFO  o.a.activemq.broker.BrokerService - Apache ActiveMQ 5.15.9 (embedded, ID:samsung-ws-46829-1589163639750-0:1) is shutdown
22:22:15.030 [main] INFO  f.a.FinancialAnalyzerApplication - Starting FinancialAnalyzerApplication on samsung-ws with PID 4295 (/home/phil/Projects/FinanceAnalyzer/target/classes started by phil in /home/phil/Projects/FinanceAnalyzer)
22:22:15.037 [main] DEBUG f.a.FinancialAnalyzerApplication - Running with Spring Boot v2.1.6.RELEASE, Spring v5.1.8.RELEASE
22:22:15.038 [main] INFO  f.a.FinancialAnalyzerApplication - The following profiles are active: dev
22:22:15.426 [main] INFO  o.s.c.a.ConfigurationClassParser - Properties location [file:${app_home}/config/application-${spring.profiles.active}.properties] not resolvable: /home/phil/fa/config/application-dev.properties (No such file or directory)
22:22:17.076 [main] INFO  o.s.b.w.e.tomcat.TomcatWebServer - Tomcat initialized with port(s): 8080 (http)
22:22:17.104 [main] INFO  o.a.coyote.http11.Http11NioProtocol - Initializing ProtocolHandler ["http-nio-8080"]
22:22:17.136 [main] INFO  o.a.catalina.core.StandardService - Starting service [Tomcat]
22:22:17.137 [main] INFO  o.a.catalina.core.StandardEngine - Starting Servlet engine: [Apache Tomcat/9.0.21]
22:22:17.333 [main] INFO  o.a.c.c.C.[.[localhost].[/fabackend] - Initializing Spring embedded WebApplicationContext
22:22:17.334 [main] INFO  o.s.web.context.ContextLoader - Root WebApplicationContext: initialization completed in 2195 ms
22:22:17.399 [main] INFO  f.a.FinancialAnalyzerApplication - Initializing FinancialAnalyzer
22:22:18.613 [main] INFO  o.s.s.c.ThreadPoolTaskScheduler - Initializing ExecutorService 'taskScheduler'
22:22:18.794 [main] INFO  o.a.activemq.broker.BrokerService - Using Persistence Adapter: MemoryPersistenceAdapter
22:22:18.972 [JMX connector] INFO  o.a.a.broker.jmx.ManagementContext - JMX consoles can connect to service:jmx:rmi:///jndi/rmi://localhost:1099/jmxrmi
22:22:19.000 [main] INFO  o.a.activemq.broker.BrokerService - Apache ActiveMQ 5.15.9 (embedded, ID:samsung-ws-43705-1589163738817-0:1) is starting
22:22:19.010 [main] INFO  o.a.activemq.broker.BrokerService - Apache ActiveMQ 5.15.9 (embedded, ID:samsung-ws-43705-1589163738817-0:1) started
22:22:19.011 [main] INFO  o.a.activemq.broker.BrokerService - For help or more information please see: http://activemq.apache.org
22:22:19.076 [main] INFO  o.a.a.broker.TransportConnector - Connector vm://embedded started
22:22:19.205 [main] INFO  o.a.coyote.http11.Http11NioProtocol - Starting ProtocolHandler ["http-nio-8080"]
22:22:19.287 [main] INFO  o.s.b.w.e.tomcat.TomcatWebServer - Tomcat started on port(s): 8080 (http) with context path '/fabackend'
22:22:19.293 [main] INFO  f.a.FinancialAnalyzerApplication - Started FinancialAnalyzerApplication in 5.203 seconds (JVM running for 5.657)
22:22:43.149 [http-nio-8080-exec-1] INFO  o.a.c.c.C.[.[localhost].[/fabackend] - Initializing Spring DispatcherServlet 'dispatcherServlet'
22:22:43.150 [http-nio-8080-exec-1] INFO  o.s.web.servlet.DispatcherServlet - Initializing Servlet 'dispatcherServlet'
22:22:43.164 [http-nio-8080-exec-1] INFO  o.s.web.servlet.DispatcherServlet - Completed initialization in 14 ms
22:22:43.194 [http-nio-8080-exec-1] INFO  f.companynames.CompanySearchRepo - Beginning searchForCompany
22:22:43.520 [http-nio-8080-exec-1] INFO  f.companynames.CompanySearchRepo - Completed searchForCompany
22:22:43.531 [http-nio-8080-exec-1] INFO  f.companynews.CompanyNewsSearchRepo - Beginning Search
22:22:44.082 [http-nio-8080-exec-1] INFO  f.companynews.CompanyNewsSearchRepo - Returning frm search
22:23:23.887 [ActiveMQ ShutdownHook] INFO  o.a.activemq.broker.BrokerService - Apache ActiveMQ 5.15.9 (embedded, ID:samsung-ws-43705-1589163738817-0:1) is shutting down
22:23:23.909 [ActiveMQ Connection Executor: vm://embedded#0] INFO  o.s.j.c.CachingConnectionFactory - Encountered a JMSException - resetting the underlying JMS Connection
javax.jms.JMSException: peer (vm://embedded#1) stopped.
	at org.apache.activemq.util.JMSExceptionSupport.create(JMSExceptionSupport.java:54)
	at org.apache.activemq.ActiveMQConnection.onAsyncException(ActiveMQConnection.java:1960)
	at org.apache.activemq.ActiveMQConnection.onException(ActiveMQConnection.java:1979)
	at org.apache.activemq.transport.TransportFilter.onException(TransportFilter.java:114)
	at org.apache.activemq.transport.ResponseCorrelator.onException(ResponseCorrelator.java:126)
	at org.apache.activemq.transport.TransportFilter.onException(TransportFilter.java:114)
	at org.apache.activemq.transport.vm.VMTransport.stop(VMTransport.java:233)
	at org.apache.activemq.transport.TransportFilter.stop(TransportFilter.java:72)
	at org.apache.activemq.transport.TransportFilter.stop(TransportFilter.java:72)
	at org.apache.activemq.transport.ResponseCorrelator.stop(ResponseCorrelator.java:132)
	at org.apache.activemq.broker.TransportConnection.doStop(TransportConnection.java:1194)
	at org.apache.activemq.broker.TransportConnection$4.run(TransportConnection.java:1160)
	at java.base/java.util.concurrent.ThreadPoolExecutor.runWorker(ThreadPoolExecutor.java:1128)
	at java.base/java.util.concurrent.ThreadPoolExecutor$Worker.run(ThreadPoolExecutor.java:628)
	at java.base/java.lang.Thread.run(Thread.java:834)
Caused by: org.apache.activemq.transport.TransportDisposedIOException: peer (vm://embedded#1) stopped.
	... 9 common frames omitted
22:23:23.915 [Thread-6] INFO  o.s.s.c.ThreadPoolTaskScheduler - Shutting down ExecutorService 'taskScheduler'
22:23:23.956 [ActiveMQ ShutdownHook] INFO  o.a.a.broker.TransportConnector - Connector vm://embedded stopped
22:23:23.976 [ActiveMQ ShutdownHook] INFO  o.a.activemq.broker.BrokerService - Apache ActiveMQ 5.15.9 (embedded, ID:samsung-ws-43705-1589163738817-0:1) uptime 1 minute
22:23:23.977 [ActiveMQ ShutdownHook] INFO  o.a.activemq.broker.BrokerService - Apache ActiveMQ 5.15.9 (embedded, ID:samsung-ws-43705-1589163738817-0:1) is shutdown
22:23:48.935 [main] INFO  f.a.FinancialAnalyzerApplication - Starting FinancialAnalyzerApplication on samsung-ws with PID 4582 (/home/phil/Projects/FinanceAnalyzer/target/classes started by phil in /home/phil/Projects/FinanceAnalyzer)
22:23:48.940 [main] DEBUG f.a.FinancialAnalyzerApplication - Running with Spring Boot v2.1.6.RELEASE, Spring v5.1.8.RELEASE
22:23:48.942 [main] INFO  f.a.FinancialAnalyzerApplication - The following profiles are active: dev
22:23:49.494 [main] INFO  o.s.c.a.ConfigurationClassParser - Properties location [file:${app_home}/config/application-${spring.profiles.active}.properties] not resolvable: /home/phil/fa/config/application-dev.properties (No such file or directory)
22:23:51.579 [main] INFO  o.s.b.w.e.tomcat.TomcatWebServer - Tomcat initialized with port(s): 8080 (http)
22:23:51.602 [main] INFO  o.a.coyote.http11.Http11NioProtocol - Initializing ProtocolHandler ["http-nio-8080"]
22:23:51.636 [main] INFO  o.a.catalina.core.StandardService - Starting service [Tomcat]
22:23:51.637 [main] INFO  o.a.catalina.core.StandardEngine - Starting Servlet engine: [Apache Tomcat/9.0.21]
22:23:51.834 [main] INFO  o.a.c.c.C.[.[localhost].[/fabackend] - Initializing Spring embedded WebApplicationContext
22:23:51.835 [main] INFO  o.s.web.context.ContextLoader - Root WebApplicationContext: initialization completed in 2723 ms
22:23:51.895 [main] INFO  f.a.FinancialAnalyzerApplication - Initializing FinancialAnalyzer
22:23:53.191 [main] INFO  o.s.s.c.ThreadPoolTaskScheduler - Initializing ExecutorService 'taskScheduler'
22:23:53.380 [main] INFO  o.a.activemq.broker.BrokerService - Using Persistence Adapter: MemoryPersistenceAdapter
22:23:53.480 [JMX connector] INFO  o.a.a.broker.jmx.ManagementContext - JMX consoles can connect to service:jmx:rmi:///jndi/rmi://localhost:1099/jmxrmi
22:23:53.532 [main] INFO  o.a.activemq.broker.BrokerService - Apache ActiveMQ 5.15.9 (embedded, ID:samsung-ws-40759-1589163833405-0:1) is starting
22:23:53.540 [main] INFO  o.a.activemq.broker.BrokerService - Apache ActiveMQ 5.15.9 (embedded, ID:samsung-ws-40759-1589163833405-0:1) started
22:23:53.540 [main] INFO  o.a.activemq.broker.BrokerService - For help or more information please see: http://activemq.apache.org
22:23:53.571 [main] INFO  o.a.a.broker.TransportConnector - Connector vm://embedded started
22:23:53.657 [main] INFO  o.a.coyote.http11.Http11NioProtocol - Starting ProtocolHandler ["http-nio-8080"]
22:23:53.724 [main] INFO  o.s.b.w.e.tomcat.TomcatWebServer - Tomcat started on port(s): 8080 (http) with context path '/fabackend'
22:23:53.733 [main] INFO  f.a.FinancialAnalyzerApplication - Started FinancialAnalyzerApplication in 5.676 seconds (JVM running for 6.077)
22:24:10.664 [http-nio-8080-exec-1] INFO  o.a.c.c.C.[.[localhost].[/fabackend] - Initializing Spring DispatcherServlet 'dispatcherServlet'
22:24:10.665 [http-nio-8080-exec-1] INFO  o.s.web.servlet.DispatcherServlet - Initializing Servlet 'dispatcherServlet'
22:24:10.691 [http-nio-8080-exec-1] INFO  o.s.web.servlet.DispatcherServlet - Completed initialization in 25 ms
22:24:10.732 [http-nio-8080-exec-1] INFO  f.companynames.CompanySearchRepo - Beginning searchForCompany
22:24:12.100 [http-nio-8080-exec-1] INFO  f.companynames.CompanySearchRepo - Completed searchForCompany
22:24:12.101 [http-nio-8080-exec-1] INFO  f.companynews.CompanyNewsSearchRepo - Beginning Search
22:24:13.626 [http-nio-8080-exec-1] INFO  f.companynews.CompanyNewsSearchRepo - Returning frm search
22:25:03.512 [ActiveMQ ShutdownHook] INFO  o.a.activemq.broker.BrokerService - Apache ActiveMQ 5.15.9 (embedded, ID:samsung-ws-40759-1589163833405-0:1) is shutting down
22:25:03.537 [ActiveMQ Connection Executor: vm://embedded#0] INFO  o.s.j.c.CachingConnectionFactory - Encountered a JMSException - resetting the underlying JMS Connection
javax.jms.JMSException: peer (vm://embedded#1) stopped.
	at org.apache.activemq.util.JMSExceptionSupport.create(JMSExceptionSupport.java:54)
	at org.apache.activemq.ActiveMQConnection.onAsyncException(ActiveMQConnection.java:1960)
	at org.apache.activemq.ActiveMQConnection.onException(ActiveMQConnection.java:1979)
	at org.apache.activemq.transport.TransportFilter.onException(TransportFilter.java:114)
	at org.apache.activemq.transport.ResponseCorrelator.onException(ResponseCorrelator.java:126)
	at org.apache.activemq.transport.TransportFilter.onException(TransportFilter.java:114)
	at org.apache.activemq.transport.vm.VMTransport.stop(VMTransport.java:233)
	at org.apache.activemq.transport.TransportFilter.stop(TransportFilter.java:72)
	at org.apache.activemq.transport.TransportFilter.stop(TransportFilter.java:72)
	at org.apache.activemq.transport.ResponseCorrelator.stop(ResponseCorrelator.java:132)
	at org.apache.activemq.broker.TransportConnection.doStop(TransportConnection.java:1194)
	at org.apache.activemq.broker.TransportConnection$4.run(TransportConnection.java:1160)
	at java.base/java.util.concurrent.ThreadPoolExecutor.runWorker(ThreadPoolExecutor.java:1128)
	at java.base/java.util.concurrent.ThreadPoolExecutor$Worker.run(ThreadPoolExecutor.java:628)
	at java.base/java.lang.Thread.run(Thread.java:834)
Caused by: org.apache.activemq.transport.TransportDisposedIOException: peer (vm://embedded#1) stopped.
	... 9 common frames omitted
22:25:03.541 [DefaultMessageListenerContainer-2] WARN  o.s.j.l.DefaultMessageListenerContainer - Setup of JMS message listener invoker failed for destination 'system-activity-queue' - trying to recover. Cause: The Session is closed
22:25:03.541 [DefaultMessageListenerContainer-3] WARN  o.s.j.l.DefaultMessageListenerContainer - Setup of JMS message listener invoker failed for destination 'company-news-queue' - trying to recover. Cause: The Session is closed
22:25:03.541 [DefaultMessageListenerContainer-5] WARN  o.s.j.l.DefaultMessageListenerContainer - Setup of JMS message listener invoker failed for destination 'stock-history-download-queue' - trying to recover. Cause: The Session is closed
22:25:03.547 [Thread-4] INFO  o.s.s.c.ThreadPoolTaskScheduler - Shutting down ExecutorService 'taskScheduler'
22:25:03.556 [ActiveMQ ShutdownHook] INFO  o.a.a.broker.TransportConnector - Connector vm://embedded stopped
22:25:03.569 [ActiveMQ ShutdownHook] INFO  o.a.activemq.broker.BrokerService - Apache ActiveMQ 5.15.9 (embedded, ID:samsung-ws-40759-1589163833405-0:1) uptime 1 minute
22:25:03.569 [ActiveMQ ShutdownHook] INFO  o.a.activemq.broker.BrokerService - Apache ActiveMQ 5.15.9 (embedded, ID:samsung-ws-40759-1589163833405-0:1) is shutdown
22:25:24.643 [main] INFO  f.a.FinancialAnalyzerApplication - Starting FinancialAnalyzerApplication on samsung-ws with PID 4778 (/home/phil/Projects/FinanceAnalyzer/target/classes started by phil in /home/phil/Projects/FinanceAnalyzer)
22:25:24.647 [main] DEBUG f.a.FinancialAnalyzerApplication - Running with Spring Boot v2.1.6.RELEASE, Spring v5.1.8.RELEASE
22:25:24.648 [main] INFO  f.a.FinancialAnalyzerApplication - The following profiles are active: dev
22:25:25.095 [main] INFO  o.s.c.a.ConfigurationClassParser - Properties location [file:${app_home}/config/application-${spring.profiles.active}.properties] not resolvable: /home/phil/fa/config/application-dev.properties (No such file or directory)
22:25:25.107 [main] INFO  o.s.c.a.ConfigurationClassParser - Properties location [file:${app_home}/config/application-${spring.profiles.active}.properties] not resolvable: /home/phil/fa/config/application-dev.properties (No such file or directory)
22:25:26.725 [main] INFO  o.s.b.w.e.tomcat.TomcatWebServer - Tomcat initialized with port(s): 8080 (http)
22:25:26.752 [main] INFO  o.a.coyote.http11.Http11NioProtocol - Initializing ProtocolHandler ["http-nio-8080"]
22:25:26.796 [main] INFO  o.a.catalina.core.StandardService - Starting service [Tomcat]
22:25:26.796 [main] INFO  o.a.catalina.core.StandardEngine - Starting Servlet engine: [Apache Tomcat/9.0.21]
22:25:27.144 [main] INFO  o.a.c.c.C.[.[localhost].[/fabackend] - Initializing Spring embedded WebApplicationContext
22:25:27.145 [main] INFO  o.s.web.context.ContextLoader - Root WebApplicationContext: initialization completed in 2411 ms
22:25:27.205 [main] INFO  f.a.FinancialAnalyzerApplication - Initializing FinancialAnalyzer
22:25:28.389 [main] INFO  o.s.s.c.ThreadPoolTaskScheduler - Initializing ExecutorService 'taskScheduler'
22:25:28.573 [main] INFO  o.a.activemq.broker.BrokerService - Using Persistence Adapter: MemoryPersistenceAdapter
22:25:28.678 [JMX connector] INFO  o.a.a.broker.jmx.ManagementContext - JMX consoles can connect to service:jmx:rmi:///jndi/rmi://localhost:1099/jmxrmi
22:25:28.744 [main] INFO  o.a.activemq.broker.BrokerService - Apache ActiveMQ 5.15.9 (embedded, ID:samsung-ws-41033-1589163928606-0:1) is starting
22:25:28.751 [main] INFO  o.a.activemq.broker.BrokerService - Apache ActiveMQ 5.15.9 (embedded, ID:samsung-ws-41033-1589163928606-0:1) started
22:25:28.752 [main] INFO  o.a.activemq.broker.BrokerService - For help or more information please see: http://activemq.apache.org
22:25:28.788 [main] INFO  o.a.a.broker.TransportConnector - Connector vm://embedded started
22:25:28.894 [main] INFO  o.a.coyote.http11.Http11NioProtocol - Starting ProtocolHandler ["http-nio-8080"]
22:25:29.016 [main] INFO  o.s.b.w.e.tomcat.TomcatWebServer - Tomcat started on port(s): 8080 (http) with context path '/fabackend'
22:25:29.039 [main] INFO  f.a.FinancialAnalyzerApplication - Started FinancialAnalyzerApplication in 5.332 seconds (JVM running for 5.795)
22:25:35.699 [http-nio-8080-exec-1] INFO  o.a.c.c.C.[.[localhost].[/fabackend] - Initializing Spring DispatcherServlet 'dispatcherServlet'
22:25:35.700 [http-nio-8080-exec-1] INFO  o.s.web.servlet.DispatcherServlet - Initializing Servlet 'dispatcherServlet'
22:25:35.710 [http-nio-8080-exec-1] INFO  o.s.web.servlet.DispatcherServlet - Completed initialization in 10 ms
22:25:35.745 [http-nio-8080-exec-1] INFO  f.companynames.CompanySearchRepo - Beginning searchForCompany
22:25:37.119 [http-nio-8080-exec-1] INFO  f.companynames.CompanySearchRepo - Completed searchForCompany
22:25:37.120 [http-nio-8080-exec-1] INFO  f.companynews.CompanyNewsSearchRepo - Beginning Search
22:25:38.712 [http-nio-8080-exec-1] INFO  f.companynews.CompanyNewsSearchRepo - Returning frm search
22:25:46.579 [ActiveMQ ShutdownHook] INFO  o.a.activemq.broker.BrokerService - Apache ActiveMQ 5.15.9 (embedded, ID:samsung-ws-41033-1589163928606-0:1) is shutting down
22:25:46.589 [ActiveMQ Connection Executor: vm://embedded#0] INFO  o.s.j.c.CachingConnectionFactory - Encountered a JMSException - resetting the underlying JMS Connection
javax.jms.JMSException: peer (vm://embedded#1) stopped.
	at org.apache.activemq.util.JMSExceptionSupport.create(JMSExceptionSupport.java:54)
	at org.apache.activemq.ActiveMQConnection.onAsyncException(ActiveMQConnection.java:1960)
	at org.apache.activemq.ActiveMQConnection.onException(ActiveMQConnection.java:1979)
	at org.apache.activemq.transport.TransportFilter.onException(TransportFilter.java:114)
	at org.apache.activemq.transport.ResponseCorrelator.onException(ResponseCorrelator.java:126)
	at org.apache.activemq.transport.TransportFilter.onException(TransportFilter.java:114)
	at org.apache.activemq.transport.vm.VMTransport.stop(VMTransport.java:233)
	at org.apache.activemq.transport.TransportFilter.stop(TransportFilter.java:72)
	at org.apache.activemq.transport.TransportFilter.stop(TransportFilter.java:72)
	at org.apache.activemq.transport.ResponseCorrelator.stop(ResponseCorrelator.java:132)
	at org.apache.activemq.broker.TransportConnection.doStop(TransportConnection.java:1194)
	at org.apache.activemq.broker.TransportConnection$4.run(TransportConnection.java:1160)
	at java.base/java.util.concurrent.ThreadPoolExecutor.runWorker(ThreadPoolExecutor.java:1128)
	at java.base/java.util.concurrent.ThreadPoolExecutor$Worker.run(ThreadPoolExecutor.java:628)
	at java.base/java.lang.Thread.run(Thread.java:834)
Caused by: org.apache.activemq.transport.TransportDisposedIOException: peer (vm://embedded#1) stopped.
	... 9 common frames omitted
22:25:46.593 [DefaultMessageListenerContainer-1] WARN  o.s.j.l.DefaultMessageListenerContainer - Setup of JMS message listener invoker failed for destination 'stock-history-download-queue' - trying to recover. Cause: The Session is closed
22:25:46.594 [DefaultMessageListenerContainer-4] WARN  o.s.j.l.DefaultMessageListenerContainer - Setup of JMS message listener invoker failed for destination 'system-activity-queue' - trying to recover. Cause: The Session is closed
22:25:46.595 [DefaultMessageListenerContainer-3] WARN  o.s.j.l.DefaultMessageListenerContainer - Setup of JMS message listener invoker failed for destination 'company-news-queue' - trying to recover. Cause: The Session is closed
22:25:46.602 [Thread-4] INFO  o.s.s.c.ThreadPoolTaskScheduler - Shutting down ExecutorService 'taskScheduler'
22:25:46.617 [ActiveMQ ShutdownHook] INFO  o.a.a.broker.TransportConnector - Connector vm://embedded stopped
22:25:46.635 [ActiveMQ ShutdownHook] INFO  o.a.activemq.broker.BrokerService - Apache ActiveMQ 5.15.9 (embedded, ID:samsung-ws-41033-1589163928606-0:1) uptime 18.126 seconds
22:25:46.635 [ActiveMQ ShutdownHook] INFO  o.a.activemq.broker.BrokerService - Apache ActiveMQ 5.15.9 (embedded, ID:samsung-ws-41033-1589163928606-0:1) is shutdown
22:26:49.419 [main] INFO  f.a.FinancialAnalyzerApplication - Starting FinancialAnalyzerApplication on samsung-ws with PID 5036 (/home/phil/Projects/FinanceAnalyzer/target/classes started by phil in /home/phil/Projects/FinanceAnalyzer)
22:26:49.424 [main] DEBUG f.a.FinancialAnalyzerApplication - Running with Spring Boot v2.1.6.RELEASE, Spring v5.1.8.RELEASE
22:26:49.425 [main] INFO  f.a.FinancialAnalyzerApplication - The following profiles are active: dev
22:26:49.824 [main] INFO  o.s.c.a.ConfigurationClassParser - Properties location [file:${app_home}/config/application-${spring.profiles.active}.properties] not resolvable: /home/phil/fa/config/application-dev.properties (No such file or directory)
22:26:49.829 [main] INFO  o.s.c.a.ConfigurationClassParser - Properties location [file:${app_home}/config/application-${spring.profiles.active}.properties] not resolvable: /home/phil/fa/config/application-dev.properties (No such file or directory)
22:26:51.479 [main] INFO  o.s.b.w.e.tomcat.TomcatWebServer - Tomcat initialized with port(s): 8080 (http)
22:26:51.501 [main] INFO  o.a.coyote.http11.Http11NioProtocol - Initializing ProtocolHandler ["http-nio-8080"]
22:26:51.533 [main] INFO  o.a.catalina.core.StandardService - Starting service [Tomcat]
22:26:51.534 [main] INFO  o.a.catalina.core.StandardEngine - Starting Servlet engine: [Apache Tomcat/9.0.21]
22:26:51.725 [main] INFO  o.a.c.c.C.[.[localhost].[/fabackend] - Initializing Spring embedded WebApplicationContext
22:26:51.725 [main] INFO  o.s.web.context.ContextLoader - Root WebApplicationContext: initialization completed in 2178 ms
22:26:51.791 [main] INFO  f.a.FinancialAnalyzerApplication - Initializing FinancialAnalyzer
22:26:53.420 [main] INFO  o.s.s.c.ThreadPoolTaskScheduler - Initializing ExecutorService 'taskScheduler'
22:26:53.570 [main] INFO  o.a.activemq.broker.BrokerService - Using Persistence Adapter: MemoryPersistenceAdapter
22:26:53.687 [JMX connector] INFO  o.a.a.broker.jmx.ManagementContext - JMX consoles can connect to service:jmx:rmi:///jndi/rmi://localhost:1099/jmxrmi
22:26:53.721 [main] INFO  o.a.activemq.broker.BrokerService - Apache ActiveMQ 5.15.9 (embedded, ID:samsung-ws-37119-1589164013594-0:1) is starting
22:26:53.727 [main] INFO  o.a.activemq.broker.BrokerService - Apache ActiveMQ 5.15.9 (embedded, ID:samsung-ws-37119-1589164013594-0:1) started
22:26:53.728 [main] INFO  o.a.activemq.broker.BrokerService - For help or more information please see: http://activemq.apache.org
22:26:53.757 [main] INFO  o.a.a.broker.TransportConnector - Connector vm://embedded started
22:26:53.881 [main] INFO  o.a.coyote.http11.Http11NioProtocol - Starting ProtocolHandler ["http-nio-8080"]
22:26:53.971 [main] INFO  o.s.b.w.e.tomcat.TomcatWebServer - Tomcat started on port(s): 8080 (http) with context path '/fabackend'
22:26:53.983 [main] INFO  f.a.FinancialAnalyzerApplication - Started FinancialAnalyzerApplication in 5.457 seconds (JVM running for 5.903)
22:27:02.637 [ActiveMQ ShutdownHook] INFO  o.a.activemq.broker.BrokerService - Apache ActiveMQ 5.15.9 (embedded, ID:samsung-ws-37119-1589164013594-0:1) is shutting down
22:27:02.677 [ActiveMQ Connection Executor: vm://embedded#0] INFO  o.s.j.c.CachingConnectionFactory - Encountered a JMSException - resetting the underlying JMS Connection
javax.jms.JMSException: peer (vm://embedded#1) stopped.
	at org.apache.activemq.util.JMSExceptionSupport.create(JMSExceptionSupport.java:54)
	at org.apache.activemq.ActiveMQConnection.onAsyncException(ActiveMQConnection.java:1960)
	at org.apache.activemq.ActiveMQConnection.onException(ActiveMQConnection.java:1979)
	at org.apache.activemq.transport.TransportFilter.onException(TransportFilter.java:114)
	at org.apache.activemq.transport.ResponseCorrelator.onException(ResponseCorrelator.java:126)
	at org.apache.activemq.transport.TransportFilter.onException(TransportFilter.java:114)
	at org.apache.activemq.transport.vm.VMTransport.stop(VMTransport.java:233)
	at org.apache.activemq.transport.TransportFilter.stop(TransportFilter.java:72)
	at org.apache.activemq.transport.TransportFilter.stop(TransportFilter.java:72)
	at org.apache.activemq.transport.ResponseCorrelator.stop(ResponseCorrelator.java:132)
	at org.apache.activemq.broker.TransportConnection.doStop(TransportConnection.java:1194)
	at org.apache.activemq.broker.TransportConnection$4.run(TransportConnection.java:1160)
	at java.base/java.util.concurrent.ThreadPoolExecutor.runWorker(ThreadPoolExecutor.java:1128)
	at java.base/java.util.concurrent.ThreadPoolExecutor$Worker.run(ThreadPoolExecutor.java:628)
	at java.base/java.lang.Thread.run(Thread.java:834)
Caused by: org.apache.activemq.transport.TransportDisposedIOException: peer (vm://embedded#1) stopped.
	... 9 common frames omitted
22:27:02.685 [DefaultMessageListenerContainer-5] WARN  o.s.j.l.DefaultMessageListenerContainer - Setup of JMS message listener invoker failed for destination 'system-activity-queue' - trying to recover. Cause: The Session is closed
22:27:02.685 [DefaultMessageListenerContainer-4] WARN  o.s.j.l.DefaultMessageListenerContainer - Setup of JMS message listener invoker failed for destination 'company-news-queue' - trying to recover. Cause: The Session is closed
22:27:02.686 [DefaultMessageListenerContainer-3] WARN  o.s.j.l.DefaultMessageListenerContainer - Setup of JMS message listener invoker failed for destination 'stock-history-download-queue' - trying to recover. Cause: The Session is closed
22:27:02.696 [Thread-6] INFO  o.s.s.c.ThreadPoolTaskScheduler - Shutting down ExecutorService 'taskScheduler'
22:27:02.706 [ActiveMQ ShutdownHook] INFO  o.a.a.broker.TransportConnector - Connector vm://embedded stopped
22:27:02.728 [ActiveMQ ShutdownHook] INFO  o.a.activemq.broker.BrokerService - Apache ActiveMQ 5.15.9 (embedded, ID:samsung-ws-37119-1589164013594-0:1) uptime 9.210 seconds
22:27:02.728 [ActiveMQ ShutdownHook] INFO  o.a.activemq.broker.BrokerService - Apache ActiveMQ 5.15.9 (embedded, ID:samsung-ws-37119-1589164013594-0:1) is shutdown
22:27:38.642 [main] INFO  f.a.FinancialAnalyzerApplication - Starting FinancialAnalyzerApplication on samsung-ws with PID 5299 (/home/phil/Projects/FinanceAnalyzer/target/classes started by phil in /home/phil/Projects/FinanceAnalyzer)
22:27:38.647 [main] DEBUG f.a.FinancialAnalyzerApplication - Running with Spring Boot v2.1.6.RELEASE, Spring v5.1.8.RELEASE
22:27:38.648 [main] INFO  f.a.FinancialAnalyzerApplication - The following profiles are active: dev
22:27:39.119 [main] INFO  o.s.c.a.ConfigurationClassParser - Properties location [file:${app_home}/config/application-${spring.profiles.active}.properties] not resolvable: /home/phil/fa/config/application-dev.properties (No such file or directory)
22:27:39.129 [main] INFO  o.s.c.a.ConfigurationClassParser - Properties location [file:${app_home}/config/application-${spring.profiles.active}.properties] not resolvable: /home/phil/fa/config/application-dev.properties (No such file or directory)
22:27:40.713 [main] INFO  o.s.b.w.e.tomcat.TomcatWebServer - Tomcat initialized with port(s): 8080 (http)
22:27:40.736 [main] INFO  o.a.coyote.http11.Http11NioProtocol - Initializing ProtocolHandler ["http-nio-8080"]
22:27:40.763 [main] INFO  o.a.catalina.core.StandardService - Starting service [Tomcat]
22:27:40.764 [main] INFO  o.a.catalina.core.StandardEngine - Starting Servlet engine: [Apache Tomcat/9.0.21]
22:27:40.971 [main] INFO  o.a.c.c.C.[.[localhost].[/fabackend] - Initializing Spring embedded WebApplicationContext
22:27:40.972 [main] INFO  o.s.web.context.ContextLoader - Root WebApplicationContext: initialization completed in 2252 ms
22:27:41.055 [main] INFO  f.a.FinancialAnalyzerApplication - Initializing FinancialAnalyzer
22:27:42.284 [main] INFO  o.s.s.c.ThreadPoolTaskScheduler - Initializing ExecutorService 'taskScheduler'
22:27:42.473 [main] INFO  o.a.activemq.broker.BrokerService - Using Persistence Adapter: MemoryPersistenceAdapter
22:27:42.584 [JMX connector] INFO  o.a.a.broker.jmx.ManagementContext - JMX consoles can connect to service:jmx:rmi:///jndi/rmi://localhost:1099/jmxrmi
22:27:42.632 [main] INFO  o.a.activemq.broker.BrokerService - Apache ActiveMQ 5.15.9 (embedded, ID:samsung-ws-41253-1589164062506-0:1) is starting
22:27:42.638 [main] INFO  o.a.activemq.broker.BrokerService - Apache ActiveMQ 5.15.9 (embedded, ID:samsung-ws-41253-1589164062506-0:1) started
22:27:42.639 [main] INFO  o.a.activemq.broker.BrokerService - For help or more information please see: http://activemq.apache.org
22:27:42.666 [main] INFO  o.a.a.broker.TransportConnector - Connector vm://embedded started
22:27:42.775 [main] INFO  o.a.coyote.http11.Http11NioProtocol - Starting ProtocolHandler ["http-nio-8080"]
22:27:42.823 [main] INFO  o.s.b.w.e.tomcat.TomcatWebServer - Tomcat started on port(s): 8080 (http) with context path '/fabackend'
22:27:42.833 [main] INFO  f.a.FinancialAnalyzerApplication - Started FinancialAnalyzerApplication in 5.077 seconds (JVM running for 5.492)
22:27:47.866 [http-nio-8080-exec-1] INFO  o.a.c.c.C.[.[localhost].[/fabackend] - Initializing Spring DispatcherServlet 'dispatcherServlet'
22:27:47.867 [http-nio-8080-exec-1] INFO  o.s.web.servlet.DispatcherServlet - Initializing Servlet 'dispatcherServlet'
22:27:47.890 [http-nio-8080-exec-1] INFO  o.s.web.servlet.DispatcherServlet - Completed initialization in 11 ms
22:27:47.955 [http-nio-8080-exec-1] INFO  f.companynames.CompanySearchRepo - Beginning searchForCompany
22:27:49.196 [http-nio-8080-exec-1] ERROR f.companynames.CompanySearchRepo - Timeout connecting to [/192.168.0.168:9200]
22:27:49.199 [http-nio-8080-exec-1] INFO  f.companynames.CompanySearchRepo - Completed searchForCompany
22:27:49.201 [http-nio-8080-exec-1] INFO  f.companynews.CompanyNewsSearchRepo - Beginning Search
22:27:50.240 [http-nio-8080-exec-1] ERROR f.companynews.CompanyNewsSearchRepo - Timeout connecting to [/192.168.0.168:9200]
22:27:50.243 [http-nio-8080-exec-1] INFO  f.companynews.CompanyNewsSearchRepo - Returning frm search
22:28:17.964 [http-nio-8080-exec-2] INFO  f.companynames.CompanySearchRepo - Beginning searchForCompany
22:28:18.997 [http-nio-8080-exec-2] ERROR f.companynames.CompanySearchRepo - Timeout connecting to [/192.168.0.168:9200]
22:28:18.998 [http-nio-8080-exec-2] INFO  f.companynames.CompanySearchRepo - Completed searchForCompany
22:28:18.998 [http-nio-8080-exec-2] INFO  f.companynews.CompanyNewsSearchRepo - Beginning Search
22:28:20.023 [http-nio-8080-exec-2] ERROR f.companynews.CompanyNewsSearchRepo - Timeout connecting to [/192.168.0.168:9200]
22:28:20.027 [http-nio-8080-exec-2] INFO  f.companynews.CompanyNewsSearchRepo - Returning frm search
22:28:35.362 [ActiveMQ ShutdownHook] INFO  o.a.activemq.broker.BrokerService - Apache ActiveMQ 5.15.9 (embedded, ID:samsung-ws-41253-1589164062506-0:1) is shutting down
22:28:35.372 [ActiveMQ Connection Executor: vm://embedded#0] INFO  o.s.j.c.CachingConnectionFactory - Encountered a JMSException - resetting the underlying JMS Connection
javax.jms.JMSException: peer (vm://embedded#1) stopped.
	at org.apache.activemq.util.JMSExceptionSupport.create(JMSExceptionSupport.java:54)
	at org.apache.activemq.ActiveMQConnection.onAsyncException(ActiveMQConnection.java:1960)
	at org.apache.activemq.ActiveMQConnection.onException(ActiveMQConnection.java:1979)
	at org.apache.activemq.transport.TransportFilter.onException(TransportFilter.java:114)
	at org.apache.activemq.transport.ResponseCorrelator.onException(ResponseCorrelator.java:126)
	at org.apache.activemq.transport.TransportFilter.onException(TransportFilter.java:114)
	at org.apache.activemq.transport.vm.VMTransport.stop(VMTransport.java:233)
	at org.apache.activemq.transport.TransportFilter.stop(TransportFilter.java:72)
	at org.apache.activemq.transport.TransportFilter.stop(TransportFilter.java:72)
	at org.apache.activemq.transport.ResponseCorrelator.stop(ResponseCorrelator.java:132)
	at org.apache.activemq.broker.TransportConnection.doStop(TransportConnection.java:1194)
	at org.apache.activemq.broker.TransportConnection$4.run(TransportConnection.java:1160)
	at java.base/java.util.concurrent.ThreadPoolExecutor.runWorker(ThreadPoolExecutor.java:1128)
	at java.base/java.util.concurrent.ThreadPoolExecutor$Worker.run(ThreadPoolExecutor.java:628)
	at java.base/java.lang.Thread.run(Thread.java:834)
Caused by: org.apache.activemq.transport.TransportDisposedIOException: peer (vm://embedded#1) stopped.
	... 9 common frames omitted
22:28:35.376 [Thread-4] INFO  o.s.s.c.ThreadPoolTaskScheduler - Shutting down ExecutorService 'taskScheduler'
22:28:35.384 [ActiveMQ ShutdownHook] INFO  o.a.a.broker.TransportConnector - Connector vm://embedded stopped
22:28:35.405 [ActiveMQ ShutdownHook] INFO  o.a.activemq.broker.BrokerService - Apache ActiveMQ 5.15.9 (embedded, ID:samsung-ws-41253-1589164062506-0:1) uptime 52.999 seconds
22:28:35.405 [ActiveMQ ShutdownHook] INFO  o.a.activemq.broker.BrokerService - Apache ActiveMQ 5.15.9 (embedded, ID:samsung-ws-41253-1589164062506-0:1) is shutdown
23:02:15.248 [main] INFO  f.a.FinancialAnalyzerApplication - Starting FinancialAnalyzerApplication on samsung-ws with PID 6949 (/home/phil/Projects/FinanceAnalyzer/target/classes started by phil in /home/phil/Projects/FinanceAnalyzer)
23:02:15.253 [main] DEBUG f.a.FinancialAnalyzerApplication - Running with Spring Boot v2.1.6.RELEASE, Spring v5.1.8.RELEASE
23:02:15.257 [main] INFO  f.a.FinancialAnalyzerApplication - The following profiles are active: dev
23:02:15.701 [main] INFO  o.s.c.a.ConfigurationClassParser - Properties location [file:${app_home}/config/application-${spring.profiles.active}.properties] not resolvable: /home/phil/fa/config/application-dev.properties (No such file or directory)
23:02:15.706 [main] INFO  o.s.c.a.ConfigurationClassParser - Properties location [file:${app_home}/config/application-${spring.profiles.active}.properties] not resolvable: /home/phil/fa/config/application-dev.properties (No such file or directory)
23:02:17.475 [main] INFO  o.s.b.w.e.tomcat.TomcatWebServer - Tomcat initialized with port(s): 8080 (http)
23:02:17.503 [main] INFO  o.a.coyote.http11.Http11NioProtocol - Initializing ProtocolHandler ["http-nio-8080"]
23:02:17.535 [main] INFO  o.a.catalina.core.StandardService - Starting service [Tomcat]
23:02:17.536 [main] INFO  o.a.catalina.core.StandardEngine - Starting Servlet engine: [Apache Tomcat/9.0.21]
23:02:17.692 [main] INFO  o.a.c.c.C.[.[localhost].[/fabackend] - Initializing Spring embedded WebApplicationContext
23:02:17.693 [main] INFO  o.s.web.context.ContextLoader - Root WebApplicationContext: initialization completed in 2302 ms
23:02:17.758 [main] INFO  f.a.FinancialAnalyzerApplication - Initializing FinancialAnalyzer
23:02:18.947 [main] INFO  o.s.s.c.ThreadPoolTaskScheduler - Initializing ExecutorService 'taskScheduler'
23:02:19.199 [main] INFO  o.a.activemq.broker.BrokerService - Using Persistence Adapter: MemoryPersistenceAdapter
23:02:19.302 [JMX connector] INFO  o.a.a.broker.jmx.ManagementContext - JMX consoles can connect to service:jmx:rmi:///jndi/rmi://localhost:1099/jmxrmi
23:02:19.366 [main] INFO  o.a.activemq.broker.BrokerService - Apache ActiveMQ 5.15.9 (embedded, ID:samsung-ws-39059-1589166139227-0:1) is starting
23:02:19.372 [main] INFO  o.a.activemq.broker.BrokerService - Apache ActiveMQ 5.15.9 (embedded, ID:samsung-ws-39059-1589166139227-0:1) started
23:02:19.373 [main] INFO  o.a.activemq.broker.BrokerService - For help or more information please see: http://activemq.apache.org
23:02:19.407 [main] INFO  o.a.a.broker.TransportConnector - Connector vm://embedded started
23:02:19.534 [main] INFO  o.a.coyote.http11.Http11NioProtocol - Starting ProtocolHandler ["http-nio-8080"]
23:02:19.568 [main] INFO  o.s.b.w.e.tomcat.TomcatWebServer - Tomcat started on port(s): 8080 (http) with context path '/fabackend'
23:02:19.576 [main] INFO  f.a.FinancialAnalyzerApplication - Started FinancialAnalyzerApplication in 5.225 seconds (JVM running for 5.693)
23:03:39.378 [ActiveMQ ShutdownHook] INFO  o.a.activemq.broker.BrokerService - Apache ActiveMQ 5.15.9 (embedded, ID:samsung-ws-39059-1589166139227-0:1) is shutting down
23:03:39.420 [ActiveMQ Connection Executor: vm://embedded#0] INFO  o.s.j.c.CachingConnectionFactory - Encountered a JMSException - resetting the underlying JMS Connection
javax.jms.JMSException: peer (vm://embedded#1) stopped.
	at org.apache.activemq.util.JMSExceptionSupport.create(JMSExceptionSupport.java:54)
	at org.apache.activemq.ActiveMQConnection.onAsyncException(ActiveMQConnection.java:1960)
	at org.apache.activemq.ActiveMQConnection.onException(ActiveMQConnection.java:1979)
	at org.apache.activemq.transport.TransportFilter.onException(TransportFilter.java:114)
	at org.apache.activemq.transport.ResponseCorrelator.onException(ResponseCorrelator.java:126)
	at org.apache.activemq.transport.TransportFilter.onException(TransportFilter.java:114)
	at org.apache.activemq.transport.vm.VMTransport.stop(VMTransport.java:233)
	at org.apache.activemq.transport.TransportFilter.stop(TransportFilter.java:72)
	at org.apache.activemq.transport.TransportFilter.stop(TransportFilter.java:72)
	at org.apache.activemq.transport.ResponseCorrelator.stop(ResponseCorrelator.java:132)
	at org.apache.activemq.broker.TransportConnection.doStop(TransportConnection.java:1194)
	at org.apache.activemq.broker.TransportConnection$4.run(TransportConnection.java:1160)
	at java.base/java.util.concurrent.ThreadPoolExecutor.runWorker(ThreadPoolExecutor.java:1128)
	at java.base/java.util.concurrent.ThreadPoolExecutor$Worker.run(ThreadPoolExecutor.java:628)
	at java.base/java.lang.Thread.run(Thread.java:834)
Caused by: org.apache.activemq.transport.TransportDisposedIOException: peer (vm://embedded#1) stopped.
	... 9 common frames omitted
23:03:39.423 [DefaultMessageListenerContainer-1] WARN  o.s.j.l.DefaultMessageListenerContainer - Setup of JMS message listener invoker failed for destination 'system-activity-queue' - trying to recover. Cause: null
23:03:39.424 [DefaultMessageListenerContainer-2] WARN  o.s.j.l.DefaultMessageListenerContainer - Setup of JMS message listener invoker failed for destination 'company-news-queue' - trying to recover. Cause: The Session is closed
23:03:39.430 [Thread-4] INFO  o.s.s.c.ThreadPoolTaskScheduler - Shutting down ExecutorService 'taskScheduler'
23:03:39.452 [ActiveMQ ShutdownHook] INFO  o.a.a.broker.TransportConnector - Connector vm://embedded stopped
23:03:39.505 [ActiveMQ ShutdownHook] INFO  o.a.activemq.broker.BrokerService - Apache ActiveMQ 5.15.9 (embedded, ID:samsung-ws-39059-1589166139227-0:1) uptime 1 minute
23:03:39.517 [ActiveMQ ShutdownHook] INFO  o.a.activemq.broker.BrokerService - Apache ActiveMQ 5.15.9 (embedded, ID:samsung-ws-39059-1589166139227-0:1) is shutdown
23:03:59.315 [main] INFO  f.a.FinancialAnalyzerApplication - Starting FinancialAnalyzerApplication on samsung-ws with PID 7215 (/home/phil/Projects/FinanceAnalyzer/target/classes started by phil in /home/phil/Projects/FinanceAnalyzer)
23:03:59.322 [main] DEBUG f.a.FinancialAnalyzerApplication - Running with Spring Boot v2.1.6.RELEASE, Spring v5.1.8.RELEASE
23:03:59.323 [main] INFO  f.a.FinancialAnalyzerApplication - The following profiles are active: dev
23:03:59.839 [main] INFO  o.s.c.a.ConfigurationClassParser - Properties location [file:${app_home}/config/application-${spring.profiles.active}.properties] not resolvable: /home/phil/fa/config/application-dev.properties (No such file or directory)
23:03:59.844 [main] INFO  o.s.c.a.ConfigurationClassParser - Properties location [file:${app_home}/config/application-${spring.profiles.active}.properties] not resolvable: /home/phil/fa/config/application-dev.properties (No such file or directory)
23:04:01.829 [main] INFO  o.s.b.w.e.tomcat.TomcatWebServer - Tomcat initialized with port(s): 8080 (http)
23:04:01.849 [main] INFO  o.a.coyote.http11.Http11NioProtocol - Initializing ProtocolHandler ["http-nio-8080"]
23:04:01.876 [main] INFO  o.a.catalina.core.StandardService - Starting service [Tomcat]
23:04:01.877 [main] INFO  o.a.catalina.core.StandardEngine - Starting Servlet engine: [Apache Tomcat/9.0.21]
23:04:02.114 [main] INFO  o.a.c.c.C.[.[localhost].[/fabackend] - Initializing Spring embedded WebApplicationContext
23:04:02.115 [main] INFO  o.s.web.context.ContextLoader - Root WebApplicationContext: initialization completed in 2682 ms
23:04:02.173 [main] INFO  f.a.FinancialAnalyzerApplication - Initializing FinancialAnalyzer
23:04:02.174 [main] DEBUG f.a.FinancialAnalyzerApplication - /home/phil/fa/work/downloads/company
23:04:03.443 [main] INFO  o.s.s.c.ThreadPoolTaskScheduler - Initializing ExecutorService 'taskScheduler'
23:04:03.642 [main] INFO  o.a.activemq.broker.BrokerService - Using Persistence Adapter: MemoryPersistenceAdapter
23:04:03.751 [JMX connector] INFO  o.a.a.broker.jmx.ManagementContext - JMX consoles can connect to service:jmx:rmi:///jndi/rmi://localhost:1099/jmxrmi
23:04:03.821 [main] INFO  o.a.activemq.broker.BrokerService - Apache ActiveMQ 5.15.9 (embedded, ID:samsung-ws-40445-1589166243681-0:1) is starting
23:04:03.828 [main] INFO  o.a.activemq.broker.BrokerService - Apache ActiveMQ 5.15.9 (embedded, ID:samsung-ws-40445-1589166243681-0:1) started
23:04:03.829 [main] INFO  o.a.activemq.broker.BrokerService - For help or more information please see: http://activemq.apache.org
23:04:03.868 [main] INFO  o.a.a.broker.TransportConnector - Connector vm://embedded started
23:04:04.035 [main] INFO  o.a.coyote.http11.Http11NioProtocol - Starting ProtocolHandler ["http-nio-8080"]
23:04:04.120 [main] INFO  o.s.b.w.e.tomcat.TomcatWebServer - Tomcat started on port(s): 8080 (http) with context path '/fabackend'
23:04:04.127 [main] INFO  f.a.FinancialAnalyzerApplication - Started FinancialAnalyzerApplication in 6.311 seconds (JVM running for 6.86)
23:10:30.081 [ActiveMQ ShutdownHook] INFO  o.a.activemq.broker.BrokerService - Apache ActiveMQ 5.15.9 (embedded, ID:samsung-ws-40445-1589166243681-0:1) is shutting down
23:10:30.153 [ActiveMQ Connection Executor: vm://embedded#0] INFO  o.s.j.c.CachingConnectionFactory - Encountered a JMSException - resetting the underlying JMS Connection
javax.jms.JMSException: peer (vm://embedded#1) stopped.
	at org.apache.activemq.util.JMSExceptionSupport.create(JMSExceptionSupport.java:54)
	at org.apache.activemq.ActiveMQConnection.onAsyncException(ActiveMQConnection.java:1960)
	at org.apache.activemq.ActiveMQConnection.onException(ActiveMQConnection.java:1979)
	at org.apache.activemq.transport.TransportFilter.onException(TransportFilter.java:114)
	at org.apache.activemq.transport.ResponseCorrelator.onException(ResponseCorrelator.java:126)
	at org.apache.activemq.transport.TransportFilter.onException(TransportFilter.java:114)
	at org.apache.activemq.transport.vm.VMTransport.stop(VMTransport.java:233)
	at org.apache.activemq.transport.TransportFilter.stop(TransportFilter.java:72)
	at org.apache.activemq.transport.TransportFilter.stop(TransportFilter.java:72)
	at org.apache.activemq.transport.ResponseCorrelator.stop(ResponseCorrelator.java:132)
	at org.apache.activemq.broker.TransportConnection.doStop(TransportConnection.java:1194)
	at org.apache.activemq.broker.TransportConnection$4.run(TransportConnection.java:1160)
	at java.base/java.util.concurrent.ThreadPoolExecutor.runWorker(ThreadPoolExecutor.java:1128)
	at java.base/java.util.concurrent.ThreadPoolExecutor$Worker.run(ThreadPoolExecutor.java:628)
	at java.base/java.lang.Thread.run(Thread.java:834)
Caused by: org.apache.activemq.transport.TransportDisposedIOException: peer (vm://embedded#1) stopped.
	... 9 common frames omitted
23:10:30.158 [ActiveMQ ShutdownHook] INFO  o.a.a.broker.TransportConnector - Connector vm://embedded stopped
23:10:30.161 [DefaultMessageListenerContainer-1] WARN  o.s.j.l.DefaultMessageListenerContainer - Setup of JMS message listener invoker failed for destination 'stock-history-download-queue' - trying to recover. Cause: The Session is closed
23:10:30.163 [DefaultMessageListenerContainer-5] WARN  o.s.j.l.DefaultMessageListenerContainer - Setup of JMS message listener invoker failed for destination 'system-activity-queue' - trying to recover. Cause: The Session is closed
23:10:30.163 [DefaultMessageListenerContainer-3] WARN  o.s.j.l.DefaultMessageListenerContainer - Setup of JMS message listener invoker failed for destination 'company-news-queue' - trying to recover. Cause: The Session is closed
23:10:30.172 [Thread-6] INFO  o.s.s.c.ThreadPoolTaskScheduler - Shutting down ExecutorService 'taskScheduler'
23:10:30.208 [ActiveMQ ShutdownHook] INFO  o.a.activemq.broker.BrokerService - Apache ActiveMQ 5.15.9 (embedded, ID:samsung-ws-40445-1589166243681-0:1) uptime 6 minutes
23:10:30.209 [ActiveMQ ShutdownHook] INFO  o.a.activemq.broker.BrokerService - Apache ActiveMQ 5.15.9 (embedded, ID:samsung-ws-40445-1589166243681-0:1) is shutdown
23:10:54.996 [main] INFO  f.a.FinancialAnalyzerApplication - Starting FinancialAnalyzerApplication on samsung-ws with PID 7597 (/home/phil/Projects/FinanceAnalyzer/target/classes started by phil in /home/phil/Projects/FinanceAnalyzer)
23:10:55.012 [main] DEBUG f.a.FinancialAnalyzerApplication - Running with Spring Boot v2.1.6.RELEASE, Spring v5.1.8.RELEASE
23:10:55.013 [main] INFO  f.a.FinancialAnalyzerApplication - The following profiles are active: dev
23:10:55.740 [main] INFO  o.s.c.a.ConfigurationClassParser - Properties location [file:${app_home}/config/application-${spring.profiles.active}.properties] not resolvable: /home/phil/fa/config/application-dev.properties (No such file or directory)
23:10:55.750 [main] INFO  o.s.c.a.ConfigurationClassParser - Properties location [file:${app_home}/config/application-${spring.profiles.active}.properties] not resolvable: /home/phil/fa/config/application-dev.properties (No such file or directory)
23:10:57.541 [main] INFO  o.s.b.w.e.tomcat.TomcatWebServer - Tomcat initialized with port(s): 8080 (http)
23:10:57.568 [main] INFO  o.a.coyote.http11.Http11NioProtocol - Initializing ProtocolHandler ["http-nio-8080"]
23:10:57.601 [main] INFO  o.a.catalina.core.StandardService - Starting service [Tomcat]
23:10:57.601 [main] INFO  o.a.catalina.core.StandardEngine - Starting Servlet engine: [Apache Tomcat/9.0.21]
23:10:57.779 [main] INFO  o.a.c.c.C.[.[localhost].[/fabackend] - Initializing Spring embedded WebApplicationContext
23:10:57.780 [main] INFO  o.s.web.context.ContextLoader - Root WebApplicationContext: initialization completed in 2544 ms
23:10:57.856 [main] INFO  f.a.FinancialAnalyzerApplication - Initializing FinancialAnalyzer
23:10:57.857 [main] DEBUG f.a.FinancialAnalyzerApplication - /home/phil/fa/work/downloads/company
23:10:57.866 [main] INFO  f.a.FinancialAnalyzerApplication - Finished Initializing FinancialAnalyzer
23:10:59.152 [main] INFO  o.s.s.c.ThreadPoolTaskScheduler - Initializing ExecutorService 'taskScheduler'
23:10:59.322 [main] INFO  o.a.activemq.broker.BrokerService - Using Persistence Adapter: MemoryPersistenceAdapter
23:10:59.439 [JMX connector] INFO  o.a.a.broker.jmx.ManagementContext - JMX consoles can connect to service:jmx:rmi:///jndi/rmi://localhost:1099/jmxrmi
23:10:59.474 [main] INFO  o.a.activemq.broker.BrokerService - Apache ActiveMQ 5.15.9 (embedded, ID:samsung-ws-34323-1589166659346-0:1) is starting
23:10:59.481 [main] INFO  o.a.activemq.broker.BrokerService - Apache ActiveMQ 5.15.9 (embedded, ID:samsung-ws-34323-1589166659346-0:1) started
23:10:59.482 [main] INFO  o.a.activemq.broker.BrokerService - For help or more information please see: http://activemq.apache.org
23:10:59.511 [main] INFO  o.a.a.broker.TransportConnector - Connector vm://embedded started
23:10:59.657 [main] INFO  o.a.coyote.http11.Http11NioProtocol - Starting ProtocolHandler ["http-nio-8080"]
23:10:59.705 [main] INFO  o.s.b.w.e.tomcat.TomcatWebServer - Tomcat started on port(s): 8080 (http) with context path '/fabackend'
23:10:59.721 [main] INFO  f.a.FinancialAnalyzerApplication - Started FinancialAnalyzerApplication in 5.902 seconds (JVM running for 6.274)
23:19:29.907 [ActiveMQ ShutdownHook] INFO  o.a.activemq.broker.BrokerService - Apache ActiveMQ 5.15.9 (embedded, ID:samsung-ws-34323-1589166659346-0:1) is shutting down
23:19:29.943 [ActiveMQ Connection Executor: vm://embedded#0] INFO  o.s.j.c.CachingConnectionFactory - Encountered a JMSException - resetting the underlying JMS Connection
javax.jms.JMSException: peer (vm://embedded#1) stopped.
	at org.apache.activemq.util.JMSExceptionSupport.create(JMSExceptionSupport.java:54)
	at org.apache.activemq.ActiveMQConnection.onAsyncException(ActiveMQConnection.java:1960)
	at org.apache.activemq.ActiveMQConnection.onException(ActiveMQConnection.java:1979)
	at org.apache.activemq.transport.TransportFilter.onException(TransportFilter.java:114)
	at org.apache.activemq.transport.ResponseCorrelator.onException(ResponseCorrelator.java:126)
	at org.apache.activemq.transport.TransportFilter.onException(TransportFilter.java:114)
	at org.apache.activemq.transport.vm.VMTransport.stop(VMTransport.java:233)
	at org.apache.activemq.transport.TransportFilter.stop(TransportFilter.java:72)
	at org.apache.activemq.transport.TransportFilter.stop(TransportFilter.java:72)
	at org.apache.activemq.transport.ResponseCorrelator.stop(ResponseCorrelator.java:132)
	at org.apache.activemq.broker.TransportConnection.doStop(TransportConnection.java:1194)
	at org.apache.activemq.broker.TransportConnection$4.run(TransportConnection.java:1160)
	at java.base/java.util.concurrent.ThreadPoolExecutor.runWorker(ThreadPoolExecutor.java:1128)
	at java.base/java.util.concurrent.ThreadPoolExecutor$Worker.run(ThreadPoolExecutor.java:628)
	at java.base/java.lang.Thread.run(Thread.java:834)
Caused by: org.apache.activemq.transport.TransportDisposedIOException: peer (vm://embedded#1) stopped.
	... 9 common frames omitted
23:19:29.945 [DefaultMessageListenerContainer-2] WARN  o.s.j.l.DefaultMessageListenerContainer - Setup of JMS message listener invoker failed for destination 'company-news-queue' - trying to recover. Cause: The Session is closed
23:19:29.945 [DefaultMessageListenerContainer-4] WARN  o.s.j.l.DefaultMessageListenerContainer - Setup of JMS message listener invoker failed for destination 'stock-history-download-queue' - trying to recover. Cause: The Session is closed
23:19:29.949 [Thread-5] INFO  o.s.s.c.ThreadPoolTaskScheduler - Shutting down ExecutorService 'taskScheduler'
23:19:29.985 [ActiveMQ ShutdownHook] INFO  o.a.a.broker.TransportConnector - Connector vm://embedded stopped
23:19:30.015 [ActiveMQ ShutdownHook] INFO  o.a.activemq.broker.BrokerService - Apache ActiveMQ 5.15.9 (embedded, ID:samsung-ws-34323-1589166659346-0:1) uptime 8 minutes
23:19:30.016 [ActiveMQ ShutdownHook] INFO  o.a.activemq.broker.BrokerService - Apache ActiveMQ 5.15.9 (embedded, ID:samsung-ws-34323-1589166659346-0:1) is shutdown
