23:30:10.074 [main] INFO  f.a.FinancialAnalyzerApplication - Starting FinancialAnalyzerApplication on samsung-ws with PID 8588 (/home/phil/Projects/FinanceAnalyzer/target/classes started by phil in /home/phil/Projects/FinanceAnalyzer)
23:30:10.087 [main] DEBUG f.a.FinancialAnalyzerApplication - Running with Spring Boot v2.1.6.RELEASE, Spring v5.1.8.RELEASE
23:30:10.089 [main] INFO  f.a.FinancialAnalyzerApplication - The following profiles are active: dev
23:30:10.688 [main] INFO  o.s.c.a.ConfigurationClassParser - Properties location [file:${app_home}/config/application-${spring.profiles.active}.properties] not resolvable: /home/phil/fa/config/application-dev.properties (No such file or directory)
23:30:10.698 [main] INFO  o.s.c.a.ConfigurationClassParser - Properties location [file:${app_home}/config/application-${spring.profiles.active}.properties] not resolvable: /home/phil/fa/config/application-dev.properties (No such file or directory)
23:30:12.337 [main] INFO  o.s.b.w.e.tomcat.TomcatWebServer - Tomcat initialized with port(s): 8080 (http)
23:30:12.365 [main] INFO  o.a.coyote.http11.Http11NioProtocol - Initializing ProtocolHandler ["http-nio-8080"]
23:30:12.401 [main] INFO  o.a.catalina.core.StandardService - Starting service [Tomcat]
23:30:12.402 [main] INFO  o.a.catalina.core.StandardEngine - Starting Servlet engine: [Apache Tomcat/9.0.21]
23:30:12.571 [main] INFO  o.a.c.c.C.[.[localhost].[/fabackend] - Initializing Spring embedded WebApplicationContext
23:30:12.571 [main] INFO  o.s.web.context.ContextLoader - Root WebApplicationContext: initialization completed in 2348 ms
23:30:12.649 [main] INFO  f.a.FinancialAnalyzerApplication - Initializing FinancialAnalyzer
23:30:12.650 [main] DEBUG f.a.FinancialAnalyzerApplication - /home/phil/fa/work/downloads/company
23:30:12.651 [main] INFO  f.a.FinancialAnalyzerApplication - Finished Initializing FinancialAnalyzer
23:30:13.871 [main] INFO  o.s.s.c.ThreadPoolTaskScheduler - Initializing ExecutorService 'taskScheduler'
23:30:14.126 [main] INFO  o.a.activemq.broker.BrokerService - Using Persistence Adapter: MemoryPersistenceAdapter
23:30:14.350 [JMX connector] INFO  o.a.a.broker.jmx.ManagementContext - JMX consoles can connect to service:jmx:rmi:///jndi/rmi://localhost:1099/jmxrmi
23:30:14.378 [main] INFO  o.a.activemq.broker.BrokerService - Apache ActiveMQ 5.15.9 (embedded, ID:samsung-ws-36867-1589167814191-0:1) is starting
23:30:14.385 [main] INFO  o.a.activemq.broker.BrokerService - Apache ActiveMQ 5.15.9 (embedded, ID:samsung-ws-36867-1589167814191-0:1) started
23:30:14.386 [main] INFO  o.a.activemq.broker.BrokerService - For help or more information please see: http://activemq.apache.org
23:30:14.421 [main] INFO  o.a.a.broker.TransportConnector - Connector vm://embedded started
23:30:14.580 [main] INFO  o.a.coyote.http11.Http11NioProtocol - Starting ProtocolHandler ["http-nio-8080"]
23:30:14.674 [main] INFO  o.s.b.w.e.tomcat.TomcatWebServer - Tomcat started on port(s): 8080 (http) with context path '/fabackend'
23:30:14.679 [main] INFO  f.a.FinancialAnalyzerApplication - Started FinancialAnalyzerApplication in 5.928 seconds (JVM running for 6.374)
23:37:59.622 [ActiveMQ ShutdownHook] INFO  o.a.activemq.broker.BrokerService - Apache ActiveMQ 5.15.9 (embedded, ID:samsung-ws-36867-1589167814191-0:1) is shutting down
23:37:59.639 [ActiveMQ Connection Executor: vm://embedded#0] INFO  o.s.j.c.CachingConnectionFactory - Encountered a JMSException - resetting the underlying JMS Connection
javax.jms.JMSException: peer (vm://embedded#1) stopped.
	at org.apache.activemq.util.JMSExceptionSupport.create(JMSExceptionSupport.java:54)
	at org.apache.activemq.ActiveMQConnection.onAsyncException(ActiveMQConnection.java:1960)
	at org.apache.activemq.ActiveMQConnection.onException(ActiveMQConnection.java:1979)
	at org.apache.activemq.transport.TransportFilter.onException(TransportFilter.java:114)
	at org.apache.activemq.transport.ResponseCorrelator.onException(ResponseCorrelator.java:126)
	at org.apache.activemq.transport.TransportFilter.onException(TransportFilter.java:114)
	at org.apache.activemq.transport.vm.VMTransport.stop(VMTransport.java:233)
	at org.apache.activemq.transport.TransportFilter.stop(TransportFilter.java:72)
	at org.apache.activemq.transport.TransportFilter.stop(TransportFilter.java:72)
	at org.apache.activemq.transport.ResponseCorrelator.stop(ResponseCorrelator.java:132)
	at org.apache.activemq.broker.TransportConnection.doStop(TransportConnection.java:1194)
	at org.apache.activemq.broker.TransportConnection$4.run(TransportConnection.java:1160)
	at java.base/java.util.concurrent.ThreadPoolExecutor.runWorker(ThreadPoolExecutor.java:1128)
	at java.base/java.util.concurrent.ThreadPoolExecutor$Worker.run(ThreadPoolExecutor.java:628)
	at java.base/java.lang.Thread.run(Thread.java:834)
Caused by: org.apache.activemq.transport.TransportDisposedIOException: peer (vm://embedded#1) stopped.
	... 9 common frames omitted
23:37:59.641 [DefaultMessageListenerContainer-3] WARN  o.s.j.l.DefaultMessageListenerContainer - Setup of JMS message listener invoker failed for destination 'company-news-queue' - trying to recover. Cause: The Session is closed
23:37:59.641 [DefaultMessageListenerContainer-2] WARN  o.s.j.l.DefaultMessageListenerContainer - Setup of JMS message listener invoker failed for destination 'stock-history-download-queue' - trying to recover. Cause: The Session is closed
23:37:59.644 [Thread-6] INFO  o.s.s.c.ThreadPoolTaskScheduler - Shutting down ExecutorService 'taskScheduler'
23:37:59.659 [ActiveMQ ShutdownHook] INFO  o.a.a.broker.TransportConnector - Connector vm://embedded stopped
23:37:59.675 [ActiveMQ ShutdownHook] INFO  o.a.activemq.broker.BrokerService - Apache ActiveMQ 5.15.9 (embedded, ID:samsung-ws-36867-1589167814191-0:1) uptime 7 minutes
23:37:59.675 [ActiveMQ ShutdownHook] INFO  o.a.activemq.broker.BrokerService - Apache ActiveMQ 5.15.9 (embedded, ID:samsung-ws-36867-1589167814191-0:1) is shutdown
23:38:25.496 [main] INFO  f.a.FinancialAnalyzerApplication - Starting FinancialAnalyzerApplication on samsung-ws with PID 9292 (/home/phil/Projects/FinanceAnalyzer/target/classes started by phil in /home/phil/Projects/FinanceAnalyzer)
23:38:25.500 [main] DEBUG f.a.FinancialAnalyzerApplication - Running with Spring Boot v2.1.6.RELEASE, Spring v5.1.8.RELEASE
23:38:25.513 [main] INFO  f.a.FinancialAnalyzerApplication - The following profiles are active: dev
23:38:26.074 [main] INFO  o.s.c.a.ConfigurationClassParser - Properties location [file:${app_home}/config/application-${spring.profiles.active}.properties] not resolvable: /home/phil/fa/config/application-dev.properties (No such file or directory)
23:38:26.079 [main] INFO  o.s.c.a.ConfigurationClassParser - Properties location [file:${app_home}/config/application-${spring.profiles.active}.properties] not resolvable: /home/phil/fa/config/application-dev.properties (No such file or directory)
23:38:27.798 [main] INFO  o.s.b.w.e.tomcat.TomcatWebServer - Tomcat initialized with port(s): 8080 (http)
23:38:27.835 [main] INFO  o.a.coyote.http11.Http11NioProtocol - Initializing ProtocolHandler ["http-nio-8080"]
23:38:27.876 [main] INFO  o.a.catalina.core.StandardService - Starting service [Tomcat]
23:38:27.876 [main] INFO  o.a.catalina.core.StandardEngine - Starting Servlet engine: [Apache Tomcat/9.0.21]
23:38:28.145 [main] INFO  o.a.c.c.C.[.[localhost].[/fabackend] - Initializing Spring embedded WebApplicationContext
23:38:28.145 [main] INFO  o.s.web.context.ContextLoader - Root WebApplicationContext: initialization completed in 2481 ms
23:38:28.206 [main] INFO  f.a.FinancialAnalyzerApplication - Initializing FinancialAnalyzer
23:38:28.207 [main] DEBUG f.a.FinancialAnalyzerApplication - /home/phil/fa/work/downloads/company
23:38:28.208 [main] INFO  f.a.FinancialAnalyzerApplication - Finished Initializing FinancialAnalyzer
23:38:29.374 [main] INFO  o.s.s.c.ThreadPoolTaskScheduler - Initializing ExecutorService 'taskScheduler'
23:38:29.595 [main] INFO  o.a.activemq.broker.BrokerService - Using Persistence Adapter: MemoryPersistenceAdapter
23:38:29.705 [JMX connector] INFO  o.a.a.broker.jmx.ManagementContext - JMX consoles can connect to service:jmx:rmi:///jndi/rmi://localhost:1099/jmxrmi
23:38:29.790 [main] INFO  o.a.activemq.broker.BrokerService - Apache ActiveMQ 5.15.9 (embedded, ID:samsung-ws-36041-1589168309653-0:1) is starting
23:38:29.797 [main] INFO  o.a.activemq.broker.BrokerService - Apache ActiveMQ 5.15.9 (embedded, ID:samsung-ws-36041-1589168309653-0:1) started
23:38:29.797 [main] INFO  o.a.activemq.broker.BrokerService - For help or more information please see: http://activemq.apache.org
23:38:29.832 [main] INFO  o.a.a.broker.TransportConnector - Connector vm://embedded started
23:38:30.054 [main] INFO  o.a.coyote.http11.Http11NioProtocol - Starting ProtocolHandler ["http-nio-8080"]
23:38:30.126 [main] INFO  o.s.b.w.e.tomcat.TomcatWebServer - Tomcat started on port(s): 8080 (http) with context path '/fabackend'
23:38:30.140 [main] INFO  f.a.FinancialAnalyzerApplication - Started FinancialAnalyzerApplication in 5.842 seconds (JVM running for 6.36)
